# JRE version: OpenJDK Runtime Environment (8.0_242-b01) (build 1.8.0_242-release-1644-b01)
# Java VM: OpenJDK 64-Bit Server VM (25.242-b01 mixed mode windows-amd64 compressed oops)
Heap:
 PSYoungGen      total 112640K, used 7504K [0x00000000d5580000, 0x00000000df200000, 0x0000000100000000)
  eden space 103424K, 7% used [0x00000000d5580000,0x00000000d5cd42f8,0x00000000dba80000)
  from space 9216K, 0% used [0x00000000dba80000,0x00000000dba80000,0x00000000dc380000)
  to   space 9216K, 0% used [0x00000000de900000,0x00000000de900000,0x00000000df200000)
 ParOldGen       total 47104K, used 14035K [0x0000000080000000, 0x0000000082e00000, 0x00000000d5580000)
  object space 47104K, 29% used [0x0000000080000000,0x0000000080db4f18,0x0000000082e00000)
 Metaspace       used 34730K, capacity 35634K, committed 35752K, reserved 1079296K
  class space    used 4753K, capacity 5004K, committed 5040K, reserved 1048576K
GC Heap History (10 events):
Event: 20.230 GC heap before
{Heap before GC invocations=11 (full 1):
 PSYoungGen      total 84992K, used 4167K [0x00000000d5580000, 0x00000000daf80000, 0x0000000100000000)
  eden space 77824K, 0% used [0x00000000d5580000,0x00000000d5580000,0x00000000da180000)
  from space 7168K, 58% used [0x00000000da880000,0x00000000dac91c10,0x00000000daf80000)
  to   space 7168K, 0% used [0x00000000da180000,0x00000000da180000,0x00000000da880000)
 ParOldGen       total 32768K, used 9079K [0x0000000080000000, 0x0000000082000000, 0x00000000d5580000)
  object space 32768K, 27% used [0x0000000080000000,0x00000000808ddd10,0x0000000082000000)
 Metaspace       used 20583K, capacity 21212K, committed 21296K, reserved 1067008K
  class space    used 2876K, capacity 3084K, committed 3120K, reserved 1048576K
Event: 20.434 GC heap after
Heap after GC invocations=11 (full 1):
 PSYoungGen      total 84992K, used 0K [0x00000000d5580000, 0x00000000daf80000, 0x0000000100000000)
  eden space 77824K, 0% used [0x00000000d5580000,0x00000000d5580000,0x00000000da180000)
  from space 7168K, 0% used [0x00000000da880000,0x00000000da880000,0x00000000daf80000)
  to   space 7168K, 0% used [0x00000000da180000,0x00000000da180000,0x00000000da880000)
 ParOldGen       total 29696K, used 8867K [0x0000000080000000, 0x0000000081d00000, 0x00000000d5580000)
  object space 29696K, 29% used [0x0000000080000000,0x00000000808a8ef8,0x0000000081d00000)
 Metaspace       used 20583K, capacity 21212K, committed 21296K, reserved 1067008K
  class space    used 2876K, capacity 3084K, committed 3120K, reserved 1048576K
}
Event: 26.845 GC heap before
{Heap before GC invocations=12 (full 1):
 PSYoungGen      total 84992K, used 77824K [0x00000000d5580000, 0x00000000daf80000, 0x0000000100000000)
  eden space 77824K, 100% used [0x00000000d5580000,0x00000000da180000,0x00000000da180000)
  from space 7168K, 0% used [0x00000000da880000,0x00000000da880000,0x00000000daf80000)
  to   space 7168K, 0% used [0x00000000da180000,0x00000000da180000,0x00000000da880000)
 ParOldGen       total 29696K, used 8867K [0x0000000080000000, 0x0000000081d00000, 0x00000000d5580000)
  object space 29696K, 29% used [0x0000000080000000,0x00000000808a8ef8,0x0000000081d00000)
 Metaspace       used 29732K, capacity 30454K, committed 30640K, reserved 1075200K
  class space    used 3979K, capacity 4194K, committed 4272K, reserved 1048576K
Event: 26.911 GC heap after
Heap after GC invocations=12 (full 1):
 PSYoungGen      total 84992K, used 7167K [0x00000000d5580000, 0x00000000dcc80000, 0x0000000100000000)
  eden space 77824K, 0% used [0x00000000d5580000,0x00000000d5580000,0x00000000da180000)
  from space 7168K, 99% used [0x00000000da180000,0x00000000da87fd40,0x00000000da880000)
  to   space 9216K, 0% used [0x00000000dc380000,0x00000000dc380000,0x00000000dcc80000)
 ParOldGen       total 29696K, used 10954K [0x0000000080000000, 0x0000000081d00000, 0x00000000d5580000)
  object space 29696K, 36% used [0x0000000080000000,0x0000000080ab2800,0x0000000081d00000)
 Metaspace       used 29732K, capacity 30454K, committed 30640K, reserved 1075200K
  class space    used 3979K, capacity 4194K, committed 4272K, reserved 1048576K
}
Event: 30.177 GC heap before
{Heap before GC invocations=13 (full 1):
 PSYoungGen      total 84992K, used 84991K [0x00000000d5580000, 0x00000000dcc80000, 0x0000000100000000)
  eden space 77824K, 100% used [0x00000000d5580000,0x00000000da180000,0x00000000da180000)
  from space 7168K, 99% used [0x00000000da180000,0x00000000da87fd40,0x00000000da880000)
  to   space 9216K, 0% used [0x00000000dc380000,0x00000000dc380000,0x00000000dcc80000)
 ParOldGen       total 29696K, used 10954K [0x0000000080000000, 0x0000000081d00000, 0x00000000d5580000)
  object space 29696K, 36% used [0x0000000080000000,0x0000000080ab2800,0x0000000081d00000)
 Metaspace       used 33532K, capacity 34288K, committed 34608K, reserved 1079296K
  class space    used 4596K, capacity 4807K, committed 4912K, reserved 1048576K
Event: 30.248 GC heap after
Heap after GC invocations=13 (full 1):
 PSYoungGen      total 112640K, used 5950K [0x00000000d5580000, 0x00000000dce80000, 0x0000000100000000)
  eden space 103424K, 0% used [0x00000000d5580000,0x00000000d5580000,0x00000000dba80000)
  from space 9216K, 64% used [0x00000000dc380000,0x00000000dc94fb88,0x00000000dcc80000)
  to   space 9216K, 0% used [0x00000000dba80000,0x00000000dba80000,0x00000000dc380000)
 ParOldGen       total 29696K, used 14806K [0x0000000080000000, 0x0000000081d00000, 0x00000000d5580000)
  object space 29696K, 49% used [0x0000000080000000,0x0000000080e75818,0x0000000081d00000)
 Metaspace       used 33532K, capacity 34288K, committed 34608K, reserved 1079296K
  class space    used 4596K, capacity 4807K, committed 4912K, reserved 1048576K
}
Event: 31.071 GC heap before
{Heap before GC invocations=14 (full 1):
 PSYoungGen      total 112640K, used 26614K [0x00000000d5580000, 0x00000000dce80000, 0x0000000100000000)
  eden space 103424K, 19% used [0x00000000d5580000,0x00000000d69adf20,0x00000000dba80000)
  from space 9216K, 64% used [0x00000000dc380000,0x00000000dc94fb88,0x00000000dcc80000)
  to   space 9216K, 0% used [0x00000000dba80000,0x00000000dba80000,0x00000000dc380000)
 ParOldGen       total 29696K, used 14806K [0x0000000080000000, 0x0000000081d00000, 0x00000000d5580000)
  object space 29696K, 49% used [0x0000000080000000,0x0000000080e75818,0x0000000081d00000)
 Metaspace       used 34541K, capacity 35414K, committed 35496K, reserved 1079296K
  class space    used 4731K, capacity 5002K, committed 5040K, reserved 1048576K
Event: 31.090 GC heap after
Heap after GC invocations=14 (full 1):
 PSYoungGen      total 112640K, used 1331K [0x00000000d5580000, 0x00000000df200000, 0x0000000100000000)
  eden space 103424K, 0% used [0x00000000d5580000,0x00000000d5580000,0x00000000dba80000)
  from space 9216K, 14% used [0x00000000dba80000,0x00000000dbbccdc0,0x00000000dc380000)
  to   space 9216K, 0% used [0x00000000de900000,0x00000000de900000,0x00000000df200000)
 ParOldGen       total 29696K, used 17070K [0x0000000080000000, 0x0000000081d00000, 0x00000000d5580000)
  object space 29696K, 57% used [0x0000000080000000,0x00000000810ab848,0x0000000081d00000)
 Metaspace       used 34541K, capacity 35414K, committed 35496K, reserved 1079296K
  class space    used 4731K, capacity 5002K, committed 5040K, reserved 1048576K
}
Event: 31.090 GC heap before
{Heap before GC invocations=15 (full 2):
 PSYoungGen      total 112640K, used 1331K [0x00000000d5580000, 0x00000000df200000, 0x0000000100000000)
  eden space 103424K, 0% used [0x00000000d5580000,0x00000000d5580000,0x00000000dba80000)
  from space 9216K, 14% used [0x00000000dba80000,0x00000000dbbccdc0,0x00000000dc380000)
  to   space 9216K, 0% used [0x00000000de900000,0x00000000de900000,0x00000000df200000)
 ParOldGen       total 29696K, used 17070K [0x0000000080000000, 0x0000000081d00000, 0x00000000d5580000)
  object space 29696K, 57% used [0x0000000080000000,0x00000000810ab848,0x0000000081d00000)
 Metaspace       used 34541K, capacity 35414K, committed 35496K, reserved 1079296K
  class space    used 4731K, capacity 5002K, committed 5040K, reserved 1048576K
Event: 31.510 GC heap after
Heap after GC invocations=15 (full 2):
 PSYoungGen      total 112640K, used 0K [0x00000000d5580000, 0x00000000df200000, 0x0000000100000000)
  eden space 103424K, 0% used [0x00000000d5580000,0x00000000d5580000,0x00000000dba80000)
  from space 9216K, 0% used [0x00000000dba80000,0x00000000dba80000,0x00000000dc380000)
  to   space 9216K, 0% used [0x00000000de900000,0x00000000de900000,0x00000000df200000)
 ParOldGen       total 47104K, used 14035K [0x0000000080000000, 0x0000000082e00000, 0x00000000d5580000)
  object space 47104K, 29% used [0x0000000080000000,0x0000000080db4f18,0x0000000082e00000)
 Metaspace       used 34541K, capacity 35414K, committed 35496K, reserved 1079296K
  class space    used 4731K, capacity 5002K, committed 5040K, reserved 1048576K
}

