# JRE version: OpenJDK Runtime Environment (8.0_242-b01) (build 1.8.0_242-release-1644-b01)
# Java VM: OpenJDK 64-Bit Server VM (25.242-b01 mixed mode windows-amd64 compressed oops)
Heap:
 PSYoungGen      total 307200K, used 300925K [0x00000000d5580000, 0x00000000e9e80000, 0x0000000100000000)
  eden space 285696K, 100% used [0x00000000d5580000,0x00000000e6c80000,0x00000000e6c80000)
  from space 21504K, 70% used [0x00000000e8980000,0x00000000e985f5f0,0x00000000e9e80000)
  to   space 25600K, 68% used [0x00000000e6c80000,0x00000000e7dbd998,0x00000000e8580000)
 ParOldGen       total 109056K, used 54377K [0x0000000080000000, 0x0000000086a80000, 0x00000000d5580000)
  object space 109056K, 49% used [0x0000000080000000,0x000000008351a5b8,0x0000000086a80000)
 Metaspace       used 90750K, capacity 94798K, committed 95016K, reserved 1132544K
  class space    used 11941K, capacity 12748K, committed 12848K, reserved 1048576K
GC Heap History (10 events):
Event: 59.797 GC heap after
Heap after GC invocations=16 (full 3):
 PSYoungGen      total 202240K, used 0K [0x00000000d5580000, 0x00000000e6580000, 0x0000000100000000)
  eden space 186880K, 0% used [0x00000000d5580000,0x00000000d5580000,0x00000000e0c00000)
  from space 15360K, 0% used [0x00000000e0c00000,0x00000000e0c00000,0x00000000e1b00000)
  to   space 17408K, 0% used [0x00000000e5480000,0x00000000e5480000,0x00000000e6580000)
 ParOldGen       total 71680K, used 33958K [0x0000000080000000, 0x0000000084600000, 0x00000000d5580000)
  object space 71680K, 47% used [0x0000000080000000,0x0000000082129b98,0x0000000084600000)
 Metaspace       used 57098K, capacity 59006K, committed 59160K, reserved 1099776K
  class space    used 7810K, capacity 8268K, committed 8368K, reserved 1048576K
}
Event: 79.207 GC heap before
{Heap before GC invocations=17 (full 3):
 PSYoungGen      total 202240K, used 186554K [0x00000000d5580000, 0x00000000e6580000, 0x0000000100000000)
  eden space 186880K, 99% used [0x00000000d5580000,0x00000000e0bae840,0x00000000e0c00000)
  from space 15360K, 0% used [0x00000000e0c00000,0x00000000e0c00000,0x00000000e1b00000)
  to   space 17408K, 0% used [0x00000000e5480000,0x00000000e5480000,0x00000000e6580000)
 ParOldGen       total 71680K, used 33958K [0x0000000080000000, 0x0000000084600000, 0x00000000d5580000)
  object space 71680K, 47% used [0x0000000080000000,0x0000000082129b98,0x0000000084600000)
 Metaspace       used 62653K, capacity 65174K, committed 65448K, reserved 1105920K
  class space    used 8560K, capacity 9090K, committed 9136K, reserved 1048576K
Event: 79.364 GC heap after
Heap after GC invocations=17 (full 3):
 PSYoungGen      total 253440K, used 17384K [0x00000000d5580000, 0x00000000e6a00000, 0x0000000100000000)
  eden space 236032K, 0% used [0x00000000d5580000,0x00000000d5580000,0x00000000e3c00000)
  from space 17408K, 99% used [0x00000000e5480000,0x00000000e657a020,0x00000000e6580000)
  to   space 23552K, 0% used [0x00000000e3c00000,0x00000000e3c00000,0x00000000e5300000)
 ParOldGen       total 71680K, used 44138K [0x0000000080000000, 0x0000000084600000, 0x00000000d5580000)
  object space 71680K, 61% used [0x0000000080000000,0x0000000082b1a9b8,0x0000000084600000)
 Metaspace       used 62653K, capacity 65174K, committed 65448K, reserved 1105920K
  class space    used 8560K, capacity 9090K, committed 9136K, reserved 1048576K
}
Event: 152.742 GC heap before
{Heap before GC invocations=18 (full 3):
 PSYoungGen      total 253440K, used 253416K [0x00000000d5580000, 0x00000000e6a00000, 0x0000000100000000)
  eden space 236032K, 100% used [0x00000000d5580000,0x00000000e3c00000,0x00000000e3c00000)
  from space 17408K, 99% used [0x00000000e5480000,0x00000000e657a020,0x00000000e6580000)
  to   space 23552K, 0% used [0x00000000e3c00000,0x00000000e3c00000,0x00000000e5300000)
 ParOldGen       total 71680K, used 44138K [0x0000000080000000, 0x0000000084600000, 0x00000000d5580000)
  object space 71680K, 61% used [0x0000000080000000,0x0000000082b1a9b8,0x0000000084600000)
 Metaspace       used 73971K, capacity 76762K, committed 77096K, reserved 1116160K
  class space    used 9929K, capacity 10496K, committed 10544K, reserved 1048576K
Event: 152.945 GC heap after
Heap after GC invocations=18 (full 3):
 PSYoungGen      total 259584K, used 16750K [0x00000000d5580000, 0x00000000ea200000, 0x0000000100000000)
  eden space 236032K, 0% used [0x00000000d5580000,0x00000000d5580000,0x00000000e3c00000)
  from space 23552K, 71% used [0x00000000e3c00000,0x00000000e4c5bad8,0x00000000e5300000)
  to   space 25088K, 0% used [0x00000000e8980000,0x00000000e8980000,0x00000000ea200000)
 ParOldGen       total 71680K, used 60310K [0x0000000080000000, 0x0000000084600000, 0x00000000d5580000)
  object space 71680K, 84% used [0x0000000080000000,0x0000000083ae5a58,0x0000000084600000)
 Metaspace       used 73971K, capacity 76762K, committed 77096K, reserved 1116160K
  class space    used 9929K, capacity 10496K, committed 10544K, reserved 1048576K
}
Event: 152.945 GC heap before
{Heap before GC invocations=19 (full 4):
 PSYoungGen      total 259584K, used 16750K [0x00000000d5580000, 0x00000000ea200000, 0x0000000100000000)
  eden space 236032K, 0% used [0x00000000d5580000,0x00000000d5580000,0x00000000e3c00000)
  from space 23552K, 71% used [0x00000000e3c00000,0x00000000e4c5bad8,0x00000000e5300000)
  to   space 25088K, 0% used [0x00000000e8980000,0x00000000e8980000,0x00000000ea200000)
 ParOldGen       total 71680K, used 60310K [0x0000000080000000, 0x0000000084600000, 0x00000000d5580000)
  object space 71680K, 84% used [0x0000000080000000,0x0000000083ae5a58,0x0000000084600000)
 Metaspace       used 73971K, capacity 76762K, committed 77096K, reserved 1116160K
  class space    used 9929K, capacity 10496K, committed 10544K, reserved 1048576K
Event: 153.794 GC heap after
Heap after GC invocations=19 (full 4):
 PSYoungGen      total 259584K, used 0K [0x00000000d5580000, 0x00000000ea200000, 0x0000000100000000)
  eden space 236032K, 0% used [0x00000000d5580000,0x00000000d5580000,0x00000000e3c00000)
  from space 23552K, 0% used [0x00000000e3c00000,0x00000000e3c00000,0x00000000e5300000)
  to   space 25088K, 0% used [0x00000000e8980000,0x00000000e8980000,0x00000000ea200000)
 ParOldGen       total 109056K, used 54361K [0x0000000080000000, 0x0000000086a80000, 0x00000000d5580000)
  object space 109056K, 49% used [0x0000000080000000,0x00000000835165b8,0x0000000086a80000)
 Metaspace       used 73970K, capacity 76756K, committed 77096K, reserved 1116160K
  class space    used 9929K, capacity 10495K, committed 10544K, reserved 1048576K
}
Event: 1874.674 GC heap before
{Heap before GC invocations=20 (full 4):
 PSYoungGen      total 259584K, used 236032K [0x00000000d5580000, 0x00000000ea200000, 0x0000000100000000)
  eden space 236032K, 100% used [0x00000000d5580000,0x00000000e3c00000,0x00000000e3c00000)
  from space 23552K, 0% used [0x00000000e3c00000,0x00000000e3c00000,0x00000000e5300000)
  to   space 25088K, 0% used [0x00000000e8980000,0x00000000e8980000,0x00000000ea200000)
 ParOldGen       total 109056K, used 54361K [0x0000000080000000, 0x0000000086a80000, 0x00000000d5580000)
  object space 109056K, 49% used [0x0000000080000000,0x00000000835165b8,0x0000000086a80000)
 Metaspace       used 89568K, capacity 93576K, committed 93992K, reserved 1130496K
  class space    used 11923K, capacity 12731K, committed 12848K, reserved 1048576K
Event: 1874.755 GC heap after
Heap after GC invocations=20 (full 4):
 PSYoungGen      total 307200K, used 15229K [0x00000000d5580000, 0x00000000e9e80000, 0x0000000100000000)
  eden space 285696K, 0% used [0x00000000d5580000,0x00000000d5580000,0x00000000e6c80000)
  from space 21504K, 70% used [0x00000000e8980000,0x00000000e985f5f0,0x00000000e9e80000)
  to   space 25600K, 0% used [0x00000000e6c80000,0x00000000e6c80000,0x00000000e8580000)
 ParOldGen       total 109056K, used 54369K [0x0000000080000000, 0x0000000086a80000, 0x00000000d5580000)
  object space 109056K, 49% used [0x0000000080000000,0x00000000835185b8,0x0000000086a80000)
 Metaspace       used 89568K, capacity 93576K, committed 93992K, reserved 1130496K
  class space    used 11923K, capacity 12731K, committed 12848K, reserved 1048576K
}
Event: 2492.739 GC heap before
{Heap before GC invocations=21 (full 4):
 PSYoungGen      total 307200K, used 300925K [0x00000000d5580000, 0x00000000e9e80000, 0x0000000100000000)
  eden space 285696K, 100% used [0x00000000d5580000,0x00000000e6c80000,0x00000000e6c80000)
  from space 21504K, 70% used [0x00000000e8980000,0x00000000e985f5f0,0x00000000e9e80000)
  to   space 25600K, 0% used [0x00000000e6c80000,0x00000000e6c80000,0x00000000e8580000)
 ParOldGen       total 109056K, used 54369K [0x0000000080000000, 0x0000000086a80000, 0x00000000d5580000)
  object space 109056K, 49% used [0x0000000080000000,0x00000000835185b8,0x0000000086a80000)
 Metaspace       used 90750K, capacity 94798K, committed 95016K, reserved 1132544K
  class space    used 11941K, capacity 12748K, committed 12848K, reserved 1048576K

