# JRE version: OpenJDK Runtime Environment (8.0_242-b01) (build 1.8.0_242-release-1644-b01)
# Java VM: OpenJDK 64-Bit Server VM (25.242-b01 mixed mode windows-amd64 compressed oops)
Heap:
 PSYoungGen      total 582144K, used 552162K [0x00000000d5580000, 0x00000000fac00000, 0x0000000100000000)
  eden space 564224K, 94% used [0x00000000d5580000,0x00000000f5f8e6e8,0x00000000f7c80000)
  from space 17920K, 98% used [0x00000000f9a80000,0x00000000fabaa130,0x00000000fac00000)
  to   space 23552K, 0% used [0x00000000f7e00000,0x00000000f7e00000,0x00000000f9500000)
 ParOldGen       total 114688K, used 52041K [0x0000000080000000, 0x0000000087000000, 0x00000000d5580000)
  object space 114688K, 45% used [0x0000000080000000,0x00000000832d27a0,0x0000000087000000)
 Metaspace       used 84891K, capacity 89454K, committed 89640K, reserved 1126400K
  class space    used 11111K, capacity 11964K, committed 12080K, reserved 1048576K
GC Heap History (10 events):
Event: 506.288 GC heap before
{Heap before GC invocations=30 (full 4):
 PSYoungGen      total 442368K, used 425700K [0x00000000d5580000, 0x00000000f4380000, 0x0000000100000000)
  eden space 419328K, 100% used [0x00000000d5580000,0x00000000eef00000,0x00000000eef00000)
  from space 23040K, 27% used [0x00000000eef00000,0x00000000ef539080,0x00000000f0580000)
  to   space 22528K, 0% used [0x00000000f2d80000,0x00000000f2d80000,0x00000000f4380000)
 ParOldGen       total 114688K, used 52033K [0x0000000080000000, 0x0000000087000000, 0x00000000d5580000)
  object space 114688K, 45% used [0x0000000080000000,0x00000000832d07a0,0x0000000087000000)
 Metaspace       used 83475K, capacity 87838K, committed 88104K, reserved 1126400K
  class space    used 10970K, capacity 11792K, committed 11824K, reserved 1048576K
Event: 506.420 GC heap after
Heap after GC invocations=30 (full 4):
 PSYoungGen      total 482304K, used 15913K [0x00000000d5580000, 0x00000000f4700000, 0x0000000100000000)
  eden space 459776K, 0% used [0x00000000d5580000,0x00000000d5580000,0x00000000f1680000)
  from space 22528K, 70% used [0x00000000f2d80000,0x00000000f3d0a7d0,0x00000000f4380000)
  to   space 23552K, 0% used [0x00000000f1680000,0x00000000f1680000,0x00000000f2d80000)
 ParOldGen       total 114688K, used 52033K [0x0000000080000000, 0x0000000087000000, 0x00000000d5580000)
  object space 114688K, 45% used [0x0000000080000000,0x00000000832d07a0,0x0000000087000000)
 Metaspace       used 83475K, capacity 87838K, committed 88104K, reserved 1126400K
  class space    used 10970K, capacity 11792K, committed 11824K, reserved 1048576K
}
Event: 514.546 GC heap before
{Heap before GC invocations=31 (full 4):
 PSYoungGen      total 482304K, used 475689K [0x00000000d5580000, 0x00000000f4700000, 0x0000000100000000)
  eden space 459776K, 100% used [0x00000000d5580000,0x00000000f1680000,0x00000000f1680000)
  from space 22528K, 70% used [0x00000000f2d80000,0x00000000f3d0a7d0,0x00000000f4380000)
  to   space 23552K, 0% used [0x00000000f1680000,0x00000000f1680000,0x00000000f2d80000)
 ParOldGen       total 114688K, used 52033K [0x0000000080000000, 0x0000000087000000, 0x00000000d5580000)
  object space 114688K, 45% used [0x0000000080000000,0x00000000832d07a0,0x0000000087000000)
 Metaspace       used 83493K, capacity 87840K, committed 88104K, reserved 1126400K
  class space    used 10970K, capacity 11793K, committed 11824K, reserved 1048576K
Event: 514.914 GC heap after
Heap after GC invocations=31 (full 4):
 PSYoungGen      total 483328K, used 14680K [0x00000000d5580000, 0x00000000f7c00000, 0x0000000100000000)
  eden space 459776K, 0% used [0x00000000d5580000,0x00000000d5580000,0x00000000f1680000)
  from space 23552K, 62% used [0x00000000f1680000,0x00000000f24d6048,0x00000000f2d80000)
  to   space 23552K, 0% used [0x00000000f6500000,0x00000000f6500000,0x00000000f7c00000)
 ParOldGen       total 114688K, used 52033K [0x0000000080000000, 0x0000000087000000, 0x00000000d5580000)
  object space 114688K, 45% used [0x0000000080000000,0x00000000832d07a0,0x0000000087000000)
 Metaspace       used 83493K, capacity 87840K, committed 88104K, reserved 1126400K
  class space    used 10970K, capacity 11793K, committed 11824K, reserved 1048576K
}
Event: 523.496 GC heap before
{Heap before GC invocations=32 (full 4):
 PSYoungGen      total 483328K, used 474456K [0x00000000d5580000, 0x00000000f7c00000, 0x0000000100000000)
  eden space 459776K, 100% used [0x00000000d5580000,0x00000000f1680000,0x00000000f1680000)
  from space 23552K, 62% used [0x00000000f1680000,0x00000000f24d6048,0x00000000f2d80000)
  to   space 23552K, 0% used [0x00000000f6500000,0x00000000f6500000,0x00000000f7c00000)
 ParOldGen       total 114688K, used 52033K [0x0000000080000000, 0x0000000087000000, 0x00000000d5580000)
  object space 114688K, 45% used [0x0000000080000000,0x00000000832d07a0,0x0000000087000000)
 Metaspace       used 83984K, capacity 88476K, committed 88744K, reserved 1126400K
  class space    used 11024K, capacity 11879K, committed 11952K, reserved 1048576K
Event: 523.640 GC heap after
Heap after GC invocations=32 (full 4):
 PSYoungGen      total 535040K, used 14340K [0x00000000d5580000, 0x00000000f7980000, 0x0000000100000000)
  eden space 514048K, 0% used [0x00000000d5580000,0x00000000d5580000,0x00000000f4b80000)
  from space 20992K, 68% used [0x00000000f6500000,0x00000000f73012c0,0x00000000f7980000)
  to   space 23552K, 0% used [0x00000000f4b80000,0x00000000f4b80000,0x00000000f6280000)
 ParOldGen       total 114688K, used 52033K [0x0000000080000000, 0x0000000087000000, 0x00000000d5580000)
  object space 114688K, 45% used [0x0000000080000000,0x00000000832d07a0,0x0000000087000000)
 Metaspace       used 83984K, capacity 88476K, committed 88744K, reserved 1126400K
  class space    used 11024K, capacity 11879K, committed 11952K, reserved 1048576K
}
Event: 530.329 GC heap before
{Heap before GC invocations=33 (full 4):
 PSYoungGen      total 535040K, used 528388K [0x00000000d5580000, 0x00000000f7980000, 0x0000000100000000)
  eden space 514048K, 100% used [0x00000000d5580000,0x00000000f4b80000,0x00000000f4b80000)
  from space 20992K, 68% used [0x00000000f6500000,0x00000000f73012c0,0x00000000f7980000)
  to   space 23552K, 0% used [0x00000000f4b80000,0x00000000f4b80000,0x00000000f6280000)
 ParOldGen       total 114688K, used 52033K [0x0000000080000000, 0x0000000087000000, 0x00000000d5580000)
  object space 114688K, 45% used [0x0000000080000000,0x00000000832d07a0,0x0000000087000000)
 Metaspace       used 84257K, capacity 88708K, committed 89000K, reserved 1126400K
  class space    used 11054K, capacity 11887K, committed 11952K, reserved 1048576K
Event: 530.442 GC heap after
Heap after GC invocations=33 (full 4):
 PSYoungGen      total 537600K, used 11277K [0x00000000d5580000, 0x00000000fb080000, 0x0000000100000000)
  eden space 514048K, 0% used [0x00000000d5580000,0x00000000d5580000,0x00000000f4b80000)
  from space 23552K, 47% used [0x00000000f4b80000,0x00000000f5683660,0x00000000f6280000)
  to   space 22528K, 0% used [0x00000000f9a80000,0x00000000f9a80000,0x00000000fb080000)
 ParOldGen       total 114688K, used 52041K [0x0000000080000000, 0x0000000087000000, 0x00000000d5580000)
  object space 114688K, 45% used [0x0000000080000000,0x00000000832d27a0,0x0000000087000000)
 Metaspace       used 84257K, capacity 88708K, committed 89000K, reserved 1126400K
  class space    used 11054K, capacity 11887K, committed 11952K, reserved 1048576K
}
Event: 573.903 GC heap before
{Heap before GC invocations=34 (full 4):
 PSYoungGen      total 537600K, used 525325K [0x00000000d5580000, 0x00000000fb080000, 0x0000000100000000)
  eden space 514048K, 100% used [0x00000000d5580000,0x00000000f4b80000,0x00000000f4b80000)
  from space 23552K, 47% used [0x00000000f4b80000,0x00000000f5683660,0x00000000f6280000)
  to   space 22528K, 0% used [0x00000000f9a80000,0x00000000f9a80000,0x00000000fb080000)
 ParOldGen       total 114688K, used 52041K [0x0000000080000000, 0x0000000087000000, 0x00000000d5580000)
  object space 114688K, 45% used [0x0000000080000000,0x00000000832d27a0,0x0000000087000000)
 Metaspace       used 84869K, capacity 89454K, committed 89640K, reserved 1126400K
  class space    used 11111K, capacity 11964K, committed 12080K, reserved 1048576K
Event: 574.070 GC heap after
Heap after GC invocations=34 (full 4):
 PSYoungGen      total 582144K, used 17576K [0x00000000d5580000, 0x00000000fac00000, 0x0000000100000000)
  eden space 564224K, 0% used [0x00000000d5580000,0x00000000d5580000,0x00000000f7c80000)
  from space 17920K, 98% used [0x00000000f9a80000,0x00000000fabaa130,0x00000000fac00000)
  to   space 23552K, 0% used [0x00000000f7e00000,0x00000000f7e00000,0x00000000f9500000)
 ParOldGen       total 114688K, used 52041K [0x0000000080000000, 0x0000000087000000, 0x00000000d5580000)
  object space 114688K, 45% used [0x0000000080000000,0x00000000832d27a0,0x0000000087000000)
 Metaspace       used 84869K, capacity 89454K, committed 89640K, reserved 1126400K
  class space    used 11111K, capacity 11964K, committed 12080K, reserved 1048576K
}

