# JRE version: OpenJDK Runtime Environment (8.0_242-b01) (build 1.8.0_242-release-1644-b01)
# Java VM: OpenJDK 64-Bit Server VM (25.242-b01 mixed mode windows-amd64 compressed oops)
Heap:
 PSYoungGen      total 330240K, used 211685K [0x00000000d5580000, 0x00000000ec600000, 0x0000000100000000)
  eden space 305664K, 69% used [0x00000000d5580000,0x00000000e2439768,0x00000000e8000000)
  from space 24576K, 0% used [0x00000000ea180000,0x00000000ea180000,0x00000000eb980000)
  to   space 34304K, 0% used [0x00000000e8000000,0x00000000e8000000,0x00000000ea180000)
 ParOldGen       total 142336K, used 75149K [0x0000000080000000, 0x0000000088b00000, 0x00000000d5580000)
  object space 142336K, 52% used [0x0000000080000000,0x0000000084963570,0x0000000088b00000)
 Metaspace       used 98688K, capacity 103354K, committed 103576K, reserved 1138688K
  class space    used 13058K, capacity 13985K, committed 13992K, reserved 1048576K
GC Heap History (10 events):
Event: 39.833 GC heap before
{Heap before GC invocations=14 (full 3):
 PSYoungGen      total 248320K, used 11691K [0x00000000d5580000, 0x00000000e8a00000, 0x0000000100000000)
  eden space 230912K, 0% used [0x00000000d5580000,0x00000000d5580000,0x00000000e3700000)
  from space 17408K, 67% used [0x00000000e3700000,0x00000000e426ac98,0x00000000e4800000)
  to   space 17920K, 0% used [0x00000000e7880000,0x00000000e7880000,0x00000000e8a00000)
 ParOldGen       total 47616K, used 34138K [0x0000000080000000, 0x0000000082e80000, 0x00000000d5580000)
  object space 47616K, 71% used [0x0000000080000000,0x00000000821569a8,0x0000000082e80000)
 Metaspace       used 56877K, capacity 58926K, committed 59160K, reserved 1099776K
  class space    used 7758K, capacity 8206K, committed 8232K, reserved 1048576K
Event: 40.752 GC heap after
Heap after GC invocations=14 (full 3):
 PSYoungGen      total 248320K, used 0K [0x00000000d5580000, 0x00000000e8a00000, 0x0000000100000000)
  eden space 230912K, 0% used [0x00000000d5580000,0x00000000d5580000,0x00000000e3700000)
  from space 17408K, 0% used [0x00000000e3700000,0x00000000e3700000,0x00000000e4800000)
  to   space 17920K, 0% used [0x00000000e7880000,0x00000000e7880000,0x00000000e8a00000)
 ParOldGen       total 78848K, used 34653K [0x0000000080000000, 0x0000000084d00000, 0x00000000d5580000)
  object space 78848K, 43% used [0x0000000080000000,0x00000000821d75f0,0x0000000084d00000)
 Metaspace       used 56875K, capacity 58920K, committed 59160K, reserved 1099776K
  class space    used 7757K, capacity 8205K, committed 8232K, reserved 1048576K
}
Event: 53.552 GC heap before
{Heap before GC invocations=15 (full 3):
 PSYoungGen      total 248320K, used 230912K [0x00000000d5580000, 0x00000000e8a00000, 0x0000000100000000)
  eden space 230912K, 100% used [0x00000000d5580000,0x00000000e3700000,0x00000000e3700000)
  from space 17408K, 0% used [0x00000000e3700000,0x00000000e3700000,0x00000000e4800000)
  to   space 17920K, 0% used [0x00000000e7880000,0x00000000e7880000,0x00000000e8a00000)
 ParOldGen       total 78848K, used 34653K [0x0000000080000000, 0x0000000084d00000, 0x00000000d5580000)
  object space 78848K, 43% used [0x0000000080000000,0x00000000821d75f0,0x0000000084d00000)
 Metaspace       used 68461K, capacity 71202K, committed 71320K, reserved 1110016K
  class space    used 9440K, capacity 10038K, committed 10152K, reserved 1048576K
Event: 53.654 GC heap after
Heap after GC invocations=15 (full 3):
 PSYoungGen      total 291328K, used 17895K [0x00000000d5580000, 0x00000000e8a80000, 0x0000000100000000)
  eden space 273408K, 0% used [0x00000000d5580000,0x00000000d5580000,0x00000000e6080000)
  from space 17920K, 99% used [0x00000000e7880000,0x00000000e89f9d68,0x00000000e8a00000)
  to   space 21504K, 0% used [0x00000000e6080000,0x00000000e6080000,0x00000000e7580000)
 ParOldGen       total 78848K, used 36969K [0x0000000080000000, 0x0000000084d00000, 0x00000000d5580000)
  object space 78848K, 46% used [0x0000000080000000,0x000000008241a450,0x0000000084d00000)
 Metaspace       used 68461K, capacity 71202K, committed 71320K, reserved 1110016K
  class space    used 9440K, capacity 10038K, committed 10152K, reserved 1048576K
}
Event: 180.183 GC heap before
{Heap before GC invocations=16 (full 3):
 PSYoungGen      total 291328K, used 291303K [0x00000000d5580000, 0x00000000e8a80000, 0x0000000100000000)
  eden space 273408K, 100% used [0x00000000d5580000,0x00000000e6080000,0x00000000e6080000)
  from space 17920K, 99% used [0x00000000e7880000,0x00000000e89f9d68,0x00000000e8a00000)
  to   space 21504K, 0% used [0x00000000e6080000,0x00000000e6080000,0x00000000e7580000)
 ParOldGen       total 78848K, used 36969K [0x0000000080000000, 0x0000000084d00000, 0x00000000d5580000)
  object space 78848K, 46% used [0x0000000080000000,0x000000008241a450,0x0000000084d00000)
 Metaspace       used 77922K, capacity 81412K, committed 81560K, reserved 1120256K
  class space    used 10369K, capacity 11084K, committed 11176K, reserved 1048576K
Event: 180.362 GC heap after
Heap after GC invocations=16 (full 3):
 PSYoungGen      total 294912K, used 19869K [0x00000000d5580000, 0x00000000eb980000, 0x0000000100000000)
  eden space 273408K, 0% used [0x00000000d5580000,0x00000000d5580000,0x00000000e6080000)
  from space 21504K, 92% used [0x00000000e6080000,0x00000000e73e7538,0x00000000e7580000)
  to   space 24576K, 0% used [0x00000000ea180000,0x00000000ea180000,0x00000000eb980000)
 ParOldGen       total 78848K, used 49245K [0x0000000080000000, 0x0000000084d00000, 0x00000000d5580000)
  object space 78848K, 62% used [0x0000000080000000,0x0000000083017768,0x0000000084d00000)
 Metaspace       used 77922K, capacity 81412K, committed 81560K, reserved 1120256K
  class space    used 10369K, capacity 11084K, committed 11176K, reserved 1048576K
}
Event: 256.004 GC heap before
{Heap before GC invocations=17 (full 3):
 PSYoungGen      total 294912K, used 293277K [0x00000000d5580000, 0x00000000eb980000, 0x0000000100000000)
  eden space 273408K, 100% used [0x00000000d5580000,0x00000000e6080000,0x00000000e6080000)
  from space 21504K, 92% used [0x00000000e6080000,0x00000000e73e7538,0x00000000e7580000)
  to   space 24576K, 0% used [0x00000000ea180000,0x00000000ea180000,0x00000000eb980000)
 ParOldGen       total 78848K, used 49245K [0x0000000080000000, 0x0000000084d00000, 0x00000000d5580000)
  object space 78848K, 62% used [0x0000000080000000,0x0000000083017768,0x0000000084d00000)
 Metaspace       used 94209K, capacity 98380K, committed 98584K, reserved 1134592K
  class space    used 12503K, capacity 13352K, committed 13352K, reserved 1048576K
Event: 256.260 GC heap after
Heap after GC invocations=17 (full 3):
 PSYoungGen      total 330240K, used 24570K [0x00000000d5580000, 0x00000000ec600000, 0x0000000100000000)
  eden space 305664K, 0% used [0x00000000d5580000,0x00000000d5580000,0x00000000e8000000)
  from space 24576K, 99% used [0x00000000ea180000,0x00000000eb97e908,0x00000000eb980000)
  to   space 34304K, 0% used [0x00000000e8000000,0x00000000e8000000,0x00000000ea180000)
 ParOldGen       total 78848K, used 64774K [0x0000000080000000, 0x0000000084d00000, 0x00000000d5580000)
  object space 78848K, 82% used [0x0000000080000000,0x0000000083f41928,0x0000000084d00000)
 Metaspace       used 94209K, capacity 98380K, committed 98584K, reserved 1134592K
  class space    used 12503K, capacity 13352K, committed 13352K, reserved 1048576K
}
Event: 256.260 GC heap before
{Heap before GC invocations=18 (full 4):
 PSYoungGen      total 330240K, used 24570K [0x00000000d5580000, 0x00000000ec600000, 0x0000000100000000)
  eden space 305664K, 0% used [0x00000000d5580000,0x00000000d5580000,0x00000000e8000000)
  from space 24576K, 99% used [0x00000000ea180000,0x00000000eb97e908,0x00000000eb980000)
  to   space 34304K, 0% used [0x00000000e8000000,0x00000000e8000000,0x00000000ea180000)
 ParOldGen       total 78848K, used 64774K [0x0000000080000000, 0x0000000084d00000, 0x00000000d5580000)
  object space 78848K, 82% used [0x0000000080000000,0x0000000083f41928,0x0000000084d00000)
 Metaspace       used 94209K, capacity 98380K, committed 98584K, reserved 1134592K
  class space    used 12503K, capacity 13352K, committed 13352K, reserved 1048576K
Event: 257.685 GC heap after
Heap after GC invocations=18 (full 4):
 PSYoungGen      total 330240K, used 0K [0x00000000d5580000, 0x00000000ec600000, 0x0000000100000000)
  eden space 305664K, 0% used [0x00000000d5580000,0x00000000d5580000,0x00000000e8000000)
  from space 24576K, 0% used [0x00000000ea180000,0x00000000ea180000,0x00000000eb980000)
  to   space 34304K, 0% used [0x00000000e8000000,0x00000000e8000000,0x00000000ea180000)
 ParOldGen       total 142336K, used 75149K [0x0000000080000000, 0x0000000088b00000, 0x00000000d5580000)
  object space 142336K, 52% used [0x0000000080000000,0x0000000084963570,0x0000000088b00000)
 Metaspace       used 94157K, capacity 98234K, committed 98584K, reserved 1134592K
  class space    used 12485K, capacity 13321K, committed 13352K, reserved 1048576K
}

