# JRE version: OpenJDK Runtime Environment (8.0_242-b01) (build 1.8.0_242-release-1644-b01)
# Java VM: OpenJDK 64-Bit Server VM (25.242-b01 mixed mode windows-amd64 compressed oops)
Heap:
 PSYoungGen      total 354816K, used 347552K [0x00000000d5580000, 0x00000000ece00000, 0x0000000100000000)
  eden space 338432K, 100% used [0x00000000d5580000,0x00000000ea000000,0x00000000ea000000)
  from space 16384K, 55% used [0x00000000ebe00000,0x00000000ec6e8050,0x00000000ece00000)
  to   space 23552K, 51% used [0x00000000ea000000,0x00000000eabe8070,0x00000000eb700000)
 ParOldGen       total 67584K, used 49317K [0x0000000080000000, 0x0000000084200000, 0x00000000d5580000)
  object space 67584K, 72% used [0x0000000080000000,0x0000000083029598,0x0000000084200000)
 Metaspace       used 77434K, capacity 81976K, committed 82224K, reserved 1120256K
  class space    used 10163K, capacity 10989K, committed 11056K, reserved 1048576K
GC Heap History (10 events):
Event: 40.561 GC heap after
Heap after GC invocations=17 (full 3):
 PSYoungGen      total 275968K, used 17382K [0x00000000d5580000, 0x00000000e7d00000, 0x0000000100000000)
  eden space 258560K, 0% used [0x00000000d5580000,0x00000000d5580000,0x00000000e5200000)
  from space 17408K, 99% used [0x00000000e6c00000,0x00000000e7cf9ae8,0x00000000e7d00000)
  to   space 20992K, 0% used [0x00000000e5400000,0x00000000e5400000,0x00000000e6880000)
 ParOldGen       total 67584K, used 36514K [0x0000000080000000, 0x0000000084200000, 0x00000000d5580000)
  object space 67584K, 54% used [0x0000000080000000,0x00000000823a8958,0x0000000084200000)
 Metaspace       used 64395K, capacity 66984K, committed 67248K, reserved 1107968K
  class space    used 8796K, capacity 9367K, committed 9392K, reserved 1048576K
}
Event: 88.268 GC heap before
{Heap before GC invocations=18 (full 3):
 PSYoungGen      total 275968K, used 275942K [0x00000000d5580000, 0x00000000e7d00000, 0x0000000100000000)
  eden space 258560K, 100% used [0x00000000d5580000,0x00000000e5200000,0x00000000e5200000)
  from space 17408K, 99% used [0x00000000e6c00000,0x00000000e7cf9ae8,0x00000000e7d00000)
  to   space 20992K, 0% used [0x00000000e5400000,0x00000000e5400000,0x00000000e6880000)
 ParOldGen       total 67584K, used 36514K [0x0000000080000000, 0x0000000084200000, 0x00000000d5580000)
  object space 67584K, 54% used [0x0000000080000000,0x00000000823a8958,0x0000000084200000)
 Metaspace       used 73722K, capacity 76776K, committed 77104K, reserved 1116160K
  class space    used 9827K, capacity 10487K, committed 10544K, reserved 1048576K
Event: 88.525 GC heap after
Heap after GC invocations=18 (full 3):
 PSYoungGen      total 281600K, used 19208K [0x00000000d5580000, 0x00000000eba00000, 0x0000000100000000)
  eden space 260608K, 0% used [0x00000000d5580000,0x00000000d5580000,0x00000000e5400000)
  from space 20992K, 91% used [0x00000000e5400000,0x00000000e66c2288,0x00000000e6880000)
  to   space 23552K, 0% used [0x00000000ea300000,0x00000000ea300000,0x00000000eba00000)
 ParOldGen       total 67584K, used 49285K [0x0000000080000000, 0x0000000084200000, 0x00000000d5580000)
  object space 67584K, 72% used [0x0000000080000000,0x0000000083021598,0x0000000084200000)
 Metaspace       used 73722K, capacity 76776K, committed 77104K, reserved 1116160K
  class space    used 9827K, capacity 10487K, committed 10544K, reserved 1048576K
}
Event: 135.505 GC heap before
{Heap before GC invocations=19 (full 3):
 PSYoungGen      total 281600K, used 279816K [0x00000000d5580000, 0x00000000eba00000, 0x0000000100000000)
  eden space 260608K, 100% used [0x00000000d5580000,0x00000000e5400000,0x00000000e5400000)
  from space 20992K, 91% used [0x00000000e5400000,0x00000000e66c2288,0x00000000e6880000)
  to   space 23552K, 0% used [0x00000000ea300000,0x00000000ea300000,0x00000000eba00000)
 ParOldGen       total 67584K, used 49285K [0x0000000080000000, 0x0000000084200000, 0x00000000d5580000)
  object space 67584K, 72% used [0x0000000080000000,0x0000000083021598,0x0000000084200000)
 Metaspace       used 75343K, capacity 78716K, committed 78768K, reserved 1118208K
  class space    used 9967K, capacity 10629K, committed 10672K, reserved 1048576K
Event: 135.574 GC heap after
Heap after GC invocations=19 (full 3):
 PSYoungGen      total 327168K, used 13258K [0x00000000d5580000, 0x00000000eb300000, 0x0000000100000000)
  eden space 310784K, 0% used [0x00000000d5580000,0x00000000d5580000,0x00000000e8500000)
  from space 16384K, 80% used [0x00000000ea300000,0x00000000eaff29f0,0x00000000eb300000)
  to   space 23552K, 0% used [0x00000000e8500000,0x00000000e8500000,0x00000000e9c00000)
 ParOldGen       total 67584K, used 49293K [0x0000000080000000, 0x0000000084200000, 0x00000000d5580000)
  object space 67584K, 72% used [0x0000000080000000,0x0000000083023598,0x0000000084200000)
 Metaspace       used 75343K, capacity 78716K, committed 78768K, reserved 1118208K
  class space    used 9967K, capacity 10629K, committed 10672K, reserved 1048576K
}
Event: 208.777 GC heap before
{Heap before GC invocations=20 (full 3):
 PSYoungGen      total 327168K, used 324042K [0x00000000d5580000, 0x00000000eb300000, 0x0000000100000000)
  eden space 310784K, 100% used [0x00000000d5580000,0x00000000e8500000,0x00000000e8500000)
  from space 16384K, 80% used [0x00000000ea300000,0x00000000eaff29f0,0x00000000eb300000)
  to   space 23552K, 0% used [0x00000000e8500000,0x00000000e8500000,0x00000000e9c00000)
 ParOldGen       total 67584K, used 49293K [0x0000000080000000, 0x0000000084200000, 0x00000000d5580000)
  object space 67584K, 72% used [0x0000000080000000,0x0000000083023598,0x0000000084200000)
 Metaspace       used 75979K, capacity 79590K, committed 79920K, reserved 1118208K
  class space    used 10009K, capacity 10706K, committed 10800K, reserved 1048576K
Event: 209.049 GC heap after
Heap after GC invocations=20 (full 3):
 PSYoungGen      total 334336K, used 16128K [0x00000000d5580000, 0x00000000ed600000, 0x0000000100000000)
  eden space 310784K, 0% used [0x00000000d5580000,0x00000000d5580000,0x00000000e8500000)
  from space 23552K, 68% used [0x00000000e8500000,0x00000000e94c0050,0x00000000e9c00000)
  to   space 24576K, 0% used [0x00000000ebe00000,0x00000000ebe00000,0x00000000ed600000)
 ParOldGen       total 67584K, used 49301K [0x0000000080000000, 0x0000000084200000, 0x00000000d5580000)
  object space 67584K, 72% used [0x0000000080000000,0x0000000083025598,0x0000000084200000)
 Metaspace       used 75979K, capacity 79590K, committed 79920K, reserved 1118208K
  class space    used 10009K, capacity 10706K, committed 10800K, reserved 1048576K
}
Event: 286.541 GC heap before
{Heap before GC invocations=21 (full 3):
 PSYoungGen      total 334336K, used 326912K [0x00000000d5580000, 0x00000000ed600000, 0x0000000100000000)
  eden space 310784K, 100% used [0x00000000d5580000,0x00000000e8500000,0x00000000e8500000)
  from space 23552K, 68% used [0x00000000e8500000,0x00000000e94c0050,0x00000000e9c00000)
  to   space 24576K, 0% used [0x00000000ebe00000,0x00000000ebe00000,0x00000000ed600000)
 ParOldGen       total 67584K, used 49301K [0x0000000080000000, 0x0000000084200000, 0x00000000d5580000)
  object space 67584K, 72% used [0x0000000080000000,0x0000000083025598,0x0000000084200000)
 Metaspace       used 76539K, capacity 80324K, committed 80432K, reserved 1118208K
  class space    used 10046K, capacity 10773K, committed 10800K, reserved 1048576K
Event: 286.614 GC heap after
Heap after GC invocations=21 (full 3):
 PSYoungGen      total 354816K, used 9120K [0x00000000d5580000, 0x00000000ece00000, 0x0000000100000000)
  eden space 338432K, 0% used [0x00000000d5580000,0x00000000d5580000,0x00000000ea000000)
  from space 16384K, 55% used [0x00000000ebe00000,0x00000000ec6e8050,0x00000000ece00000)
  to   space 23552K, 0% used [0x00000000ea000000,0x00000000ea000000,0x00000000eb700000)
 ParOldGen       total 67584K, used 49309K [0x0000000080000000, 0x0000000084200000, 0x00000000d5580000)
  object space 67584K, 72% used [0x0000000080000000,0x0000000083027598,0x0000000084200000)
 Metaspace       used 76539K, capacity 80324K, committed 80432K, reserved 1118208K
  class space    used 10046K, capacity 10773K, committed 10800K, reserved 1048576K
}
Event: 599.073 GC heap before
{Heap before GC invocations=22 (full 3):
 PSYoungGen      total 354816K, used 347552K [0x00000000d5580000, 0x00000000ece00000, 0x0000000100000000)
  eden space 338432K, 100% used [0x00000000d5580000,0x00000000ea000000,0x00000000ea000000)
  from space 16384K, 55% used [0x00000000ebe00000,0x00000000ec6e8050,0x00000000ece00000)
  to   space 23552K, 0% used [0x00000000ea000000,0x00000000ea000000,0x00000000eb700000)
 ParOldGen       total 67584K, used 49309K [0x0000000080000000, 0x0000000084200000, 0x00000000d5580000)
  object space 67584K, 72% used [0x0000000080000000,0x0000000083027598,0x0000000084200000)
 Metaspace       used 77434K, capacity 81976K, committed 82224K, reserved 1120256K
  class space    used 10163K, capacity 10989K, committed 11056K, reserved 1048576K

