# JRE version: OpenJDK Runtime Environment (8.0_242-b01) (build 1.8.0_242-release-1644-b01)
# Java VM: OpenJDK 64-Bit Server VM (25.242-b01 mixed mode windows-amd64 compressed oops)
Heap:
 PSYoungGen      total 360960K, used 224402K [0x00000000d5580000, 0x00000000f0000000, 0x0000000100000000)
  eden space 329216K, 63% used [0x00000000d5580000,0x00000000e2249a38,0x00000000e9700000)
  from space 31744K, 46% used [0x00000000e9700000,0x00000000ea55ae50,0x00000000eb600000)
  to   space 30720K, 0% used [0x00000000ee200000,0x00000000ee200000,0x00000000f0000000)
 ParOldGen       total 100864K, used 57497K [0x0000000080000000, 0x0000000086280000, 0x00000000d5580000)
  object space 100864K, 57% used [0x0000000080000000,0x0000000083826638,0x0000000086280000)
 Metaspace       used 90934K, capacity 95348K, committed 95528K, reserved 1132544K
  class space    used 11928K, capacity 12759K, committed 12848K, reserved 1048576K
GC Heap History (10 events):
Event: 50.267 GC heap before
{Heap before GC invocations=17 (full 3):
 PSYoungGen      total 218112K, used 203264K [0x00000000d5580000, 0x00000000e8580000, 0x0000000100000000)
  eden space 203264K, 100% used [0x00000000d5580000,0x00000000e1c00000,0x00000000e1c00000)
  from space 14848K, 0% used [0x00000000e1c00000,0x00000000e1c00000,0x00000000e2a80000)
  to   space 16896K, 0% used [0x00000000e7500000,0x00000000e7500000,0x00000000e8580000)
 ParOldGen       total 65024K, used 34132K [0x0000000080000000, 0x0000000083f80000, 0x00000000d5580000)
  object space 65024K, 52% used [0x0000000080000000,0x00000000821550a0,0x0000000083f80000)
 Metaspace       used 66610K, capacity 69264K, committed 69544K, reserved 1110016K
  class space    used 9083K, capacity 9637K, committed 9648K, reserved 1048576K
Event: 50.375 GC heap after
Heap after GC invocations=17 (full 3):
 PSYoungGen      total 280064K, used 16878K [0x00000000d5580000, 0x00000000e8580000, 0x0000000100000000)
  eden space 263168K, 0% used [0x00000000d5580000,0x00000000d5580000,0x00000000e5680000)
  from space 16896K, 99% used [0x00000000e7500000,0x00000000e857b888,0x00000000e8580000)
  to   space 20992K, 0% used [0x00000000e5c80000,0x00000000e5c80000,0x00000000e7100000)
 ParOldGen       total 65024K, used 38045K [0x0000000080000000, 0x0000000083f80000, 0x00000000d5580000)
  object space 65024K, 58% used [0x0000000080000000,0x0000000082527760,0x0000000083f80000)
 Metaspace       used 66610K, capacity 69264K, committed 69544K, reserved 1110016K
  class space    used 9083K, capacity 9637K, committed 9648K, reserved 1048576K
}
Event: 179.361 GC heap before
{Heap before GC invocations=18 (full 3):
 PSYoungGen      total 280064K, used 280046K [0x00000000d5580000, 0x00000000e8580000, 0x0000000100000000)
  eden space 263168K, 100% used [0x00000000d5580000,0x00000000e5680000,0x00000000e5680000)
  from space 16896K, 99% used [0x00000000e7500000,0x00000000e857b888,0x00000000e8580000)
  to   space 20992K, 0% used [0x00000000e5c80000,0x00000000e5c80000,0x00000000e7100000)
 ParOldGen       total 65024K, used 38045K [0x0000000080000000, 0x0000000083f80000, 0x00000000d5580000)
  object space 65024K, 58% used [0x0000000080000000,0x0000000082527760,0x0000000083f80000)
 Metaspace       used 84771K, capacity 88550K, committed 88872K, reserved 1126400K
  class space    used 11513K, capacity 12252K, committed 12336K, reserved 1048576K
Event: 179.580 GC heap after
Heap after GC invocations=18 (full 3):
 PSYoungGen      total 290304K, used 20981K [0x00000000d5580000, 0x00000000ed400000, 0x0000000100000000)
  eden space 269312K, 0% used [0x00000000d5580000,0x00000000d5580000,0x00000000e5c80000)
  from space 20992K, 99% used [0x00000000e5c80000,0x00000000e70fd4f0,0x00000000e7100000)
  to   space 30720K, 0% used [0x00000000eb600000,0x00000000eb600000,0x00000000ed400000)
 ParOldGen       total 65024K, used 54764K [0x0000000080000000, 0x0000000083f80000, 0x00000000d5580000)
  object space 65024K, 84% used [0x0000000080000000,0x000000008357b3b8,0x0000000083f80000)
 Metaspace       used 84771K, capacity 88550K, committed 88872K, reserved 1126400K
  class space    used 11513K, capacity 12252K, committed 12336K, reserved 1048576K
}
Event: 179.580 GC heap before
{Heap before GC invocations=19 (full 4):
 PSYoungGen      total 290304K, used 20981K [0x00000000d5580000, 0x00000000ed400000, 0x0000000100000000)
  eden space 269312K, 0% used [0x00000000d5580000,0x00000000d5580000,0x00000000e5c80000)
  from space 20992K, 99% used [0x00000000e5c80000,0x00000000e70fd4f0,0x00000000e7100000)
  to   space 30720K, 0% used [0x00000000eb600000,0x00000000eb600000,0x00000000ed400000)
 ParOldGen       total 65024K, used 54764K [0x0000000080000000, 0x0000000083f80000, 0x00000000d5580000)
  object space 65024K, 84% used [0x0000000080000000,0x000000008357b3b8,0x0000000083f80000)
 Metaspace       used 84771K, capacity 88550K, committed 88872K, reserved 1126400K
  class space    used 11513K, capacity 12252K, committed 12336K, reserved 1048576K
Event: 180.625 GC heap after
Heap after GC invocations=19 (full 4):
 PSYoungGen      total 290304K, used 0K [0x00000000d5580000, 0x00000000ed400000, 0x0000000100000000)
  eden space 269312K, 0% used [0x00000000d5580000,0x00000000d5580000,0x00000000e5c80000)
  from space 20992K, 0% used [0x00000000e5c80000,0x00000000e5c80000,0x00000000e7100000)
  to   space 30720K, 0% used [0x00000000eb600000,0x00000000eb600000,0x00000000ed400000)
 ParOldGen       total 100864K, used 57481K [0x0000000080000000, 0x0000000086280000, 0x00000000d5580000)
  object space 100864K, 56% used [0x0000000080000000,0x0000000083822638,0x0000000086280000)
 Metaspace       used 84764K, capacity 88530K, committed 88872K, reserved 1126400K
  class space    used 11510K, capacity 12248K, committed 12336K, reserved 1048576K
}
Event: 260.609 GC heap before
{Heap before GC invocations=20 (full 4):
 PSYoungGen      total 290304K, used 269312K [0x00000000d5580000, 0x00000000ed400000, 0x0000000100000000)
  eden space 269312K, 100% used [0x00000000d5580000,0x00000000e5c80000,0x00000000e5c80000)
  from space 20992K, 0% used [0x00000000e5c80000,0x00000000e5c80000,0x00000000e7100000)
  to   space 30720K, 0% used [0x00000000eb600000,0x00000000eb600000,0x00000000ed400000)
 ParOldGen       total 100864K, used 57481K [0x0000000080000000, 0x0000000086280000, 0x00000000d5580000)
  object space 100864K, 56% used [0x0000000080000000,0x0000000083822638,0x0000000086280000)
 Metaspace       used 88801K, capacity 92744K, committed 93096K, reserved 1130496K
  class space    used 11832K, capacity 12613K, committed 12720K, reserved 1048576K
Event: 260.736 GC heap after
Heap after GC invocations=20 (full 4):
 PSYoungGen      total 359936K, used 18719K [0x00000000d5580000, 0x00000000edb80000, 0x0000000100000000)
  eden space 329216K, 0% used [0x00000000d5580000,0x00000000d5580000,0x00000000e9700000)
  from space 30720K, 60% used [0x00000000eb600000,0x00000000ec847d90,0x00000000ed400000)
  to   space 31744K, 0% used [0x00000000e9700000,0x00000000e9700000,0x00000000eb600000)
 ParOldGen       total 100864K, used 57489K [0x0000000080000000, 0x0000000086280000, 0x00000000d5580000)
  object space 100864K, 56% used [0x0000000080000000,0x0000000083824638,0x0000000086280000)
 Metaspace       used 88801K, capacity 92744K, committed 93096K, reserved 1130496K
  class space    used 11832K, capacity 12613K, committed 12720K, reserved 1048576K
}
Event: 401.405 GC heap before
{Heap before GC invocations=21 (full 4):
 PSYoungGen      total 359936K, used 347935K [0x00000000d5580000, 0x00000000edb80000, 0x0000000100000000)
  eden space 329216K, 100% used [0x00000000d5580000,0x00000000e9700000,0x00000000e9700000)
  from space 30720K, 60% used [0x00000000eb600000,0x00000000ec847d90,0x00000000ed400000)
  to   space 31744K, 0% used [0x00000000e9700000,0x00000000e9700000,0x00000000eb600000)
 ParOldGen       total 100864K, used 57489K [0x0000000080000000, 0x0000000086280000, 0x00000000d5580000)
  object space 100864K, 56% used [0x0000000080000000,0x0000000083824638,0x0000000086280000)
 Metaspace       used 90610K, capacity 95050K, committed 95272K, reserved 1132544K
  class space    used 11919K, capacity 12744K, committed 12848K, reserved 1048576K
Event: 401.486 GC heap after
Heap after GC invocations=21 (full 4):
 PSYoungGen      total 360960K, used 14699K [0x00000000d5580000, 0x00000000f0000000, 0x0000000100000000)
  eden space 329216K, 0% used [0x00000000d5580000,0x00000000d5580000,0x00000000e9700000)
  from space 31744K, 46% used [0x00000000e9700000,0x00000000ea55ae50,0x00000000eb600000)
  to   space 30720K, 0% used [0x00000000ee200000,0x00000000ee200000,0x00000000f0000000)
 ParOldGen       total 100864K, used 57497K [0x0000000080000000, 0x0000000086280000, 0x00000000d5580000)
  object space 100864K, 57% used [0x0000000080000000,0x0000000083826638,0x0000000086280000)
 Metaspace       used 90610K, capacity 95050K, committed 95272K, reserved 1132544K
  class space    used 11919K, capacity 12744K, committed 12848K, reserved 1048576K
}

