# JRE version: OpenJDK Runtime Environment (8.0_242-b01) (build 1.8.0_242-release-1644-b01)
# Java VM: OpenJDK 64-Bit Server VM (25.242-b01 mixed mode windows-amd64 compressed oops)
Heap:
 PSYoungGen      total 348160K, used 128217K [0x00000000d5580000, 0x00000000ed780000, 0x0000000100000000)
  eden space 319488K, 37% used [0x00000000d5580000,0x00000000dca464c8,0x00000000e8d80000)
  from space 28672K, 30% used [0x00000000e8d80000,0x00000000e95f0060,0x00000000ea980000)
  to   space 27648K, 0% used [0x00000000ebc80000,0x00000000ebc80000,0x00000000ed780000)
 ParOldGen       total 109568K, used 59620K [0x0000000080000000, 0x0000000086b00000, 0x00000000d5580000)
  object space 109568K, 54% used [0x0000000080000000,0x0000000083a39208,0x0000000086b00000)
 Metaspace       used 92384K, capacity 97970K, committed 98072K, reserved 1134592K
  class space    used 12118K, capacity 13102K, committed 13104K, reserved 1048576K
GC Heap History (10 events):
Event: 820.056 GC heap before
{Heap before GC invocations=21 (full 3):
 PSYoungGen      total 333824K, used 333577K [0x00000000d5580000, 0x00000000ee000000, 0x0000000100000000)
  eden space 309760K, 100% used [0x00000000d5580000,0x00000000e8400000,0x00000000e8400000)
  from space 24064K, 98% used [0x00000000e8400000,0x00000000e9b426c0,0x00000000e9b80000)
  to   space 27648K, 0% used [0x00000000ec500000,0x00000000ec500000,0x00000000ee000000)
 ParOldGen       total 68608K, used 57192K [0x0000000080000000, 0x0000000084300000, 0x00000000d5580000)
  object space 68608K, 83% used [0x0000000080000000,0x00000000837da398,0x0000000084300000)
 Metaspace       used 77362K, capacity 81584K, committed 81688K, reserved 1120256K
  class space    used 10159K, capacity 10991K, committed 11056K, reserved 1048576K
Event: 820.129 GC heap after
Heap after GC invocations=21 (full 3):
 PSYoungGen      total 358912K, used 10176K [0x00000000d5580000, 0x00000000ed600000, 0x0000000100000000)
  eden space 341504K, 0% used [0x00000000d5580000,0x00000000d5580000,0x00000000ea300000)
  from space 17408K, 58% used [0x00000000ec500000,0x00000000ecef0358,0x00000000ed600000)
  to   space 26112K, 0% used [0x00000000ea300000,0x00000000ea300000,0x00000000ebc80000)
 ParOldGen       total 68608K, used 57200K [0x0000000080000000, 0x0000000084300000, 0x00000000d5580000)
  object space 68608K, 83% used [0x0000000080000000,0x00000000837dc398,0x0000000084300000)
 Metaspace       used 77362K, capacity 81584K, committed 81688K, reserved 1120256K
  class space    used 10159K, capacity 10991K, committed 11056K, reserved 1048576K
}
Event: 1645.103 GC heap before
{Heap before GC invocations=22 (full 3):
 PSYoungGen      total 358912K, used 351680K [0x00000000d5580000, 0x00000000ed600000, 0x0000000100000000)
  eden space 341504K, 100% used [0x00000000d5580000,0x00000000ea300000,0x00000000ea300000)
  from space 17408K, 58% used [0x00000000ec500000,0x00000000ecef0358,0x00000000ed600000)
  to   space 26112K, 0% used [0x00000000ea300000,0x00000000ea300000,0x00000000ebc80000)
 ParOldGen       total 68608K, used 57200K [0x0000000080000000, 0x0000000084300000, 0x00000000d5580000)
  object space 68608K, 83% used [0x0000000080000000,0x00000000837dc398,0x0000000084300000)
 Metaspace       used 78476K, capacity 83284K, committed 83352K, reserved 1122304K
  class space    used 10296K, capacity 11173K, committed 11184K, reserved 1048576K
Event: 1645.280 GC heap after
Heap after GC invocations=22 (full 3):
 PSYoungGen      total 338432K, used 11904K [0x00000000d5580000, 0x00000000ec580000, 0x0000000100000000)
  eden space 326144K, 0% used [0x00000000d5580000,0x00000000d5580000,0x00000000e9400000)
  from space 12288K, 96% used [0x00000000ea300000,0x00000000eaea0070,0x00000000eaf00000)
  to   space 23040K, 0% used [0x00000000eaf00000,0x00000000eaf00000,0x00000000ec580000)
 ParOldGen       total 68608K, used 57208K [0x0000000080000000, 0x0000000084300000, 0x00000000d5580000)
  object space 68608K, 83% used [0x0000000080000000,0x00000000837de398,0x0000000084300000)
 Metaspace       used 78476K, capacity 83284K, committed 83352K, reserved 1122304K
  class space    used 10296K, capacity 11173K, committed 11184K, reserved 1048576K
}
Event: 1728.444 GC heap before
{Heap before GC invocations=23 (full 3):
 PSYoungGen      total 338432K, used 338048K [0x00000000d5580000, 0x00000000ec580000, 0x0000000100000000)
  eden space 326144K, 100% used [0x00000000d5580000,0x00000000e9400000,0x00000000e9400000)
  from space 12288K, 96% used [0x00000000ea300000,0x00000000eaea0070,0x00000000eaf00000)
  to   space 23040K, 0% used [0x00000000eaf00000,0x00000000eaf00000,0x00000000ec580000)
 ParOldGen       total 68608K, used 57208K [0x0000000080000000, 0x0000000084300000, 0x00000000d5580000)
  object space 68608K, 83% used [0x0000000080000000,0x00000000837de398,0x0000000084300000)
 Metaspace       used 92185K, capacity 97844K, committed 98072K, reserved 1134592K
  class space    used 12118K, capacity 13103K, committed 13104K, reserved 1048576K
Event: 1728.836 GC heap after
Heap after GC invocations=23 (full 3):
 PSYoungGen      total 334336K, used 23012K [0x00000000d5580000, 0x00000000ec580000, 0x0000000100000000)
  eden space 311296K, 0% used [0x00000000d5580000,0x00000000d5580000,0x00000000e8580000)
  from space 23040K, 99% used [0x00000000eaf00000,0x00000000ec579200,0x00000000ec580000)
  to   space 28672K, 0% used [0x00000000e8d80000,0x00000000e8d80000,0x00000000ea980000)
 ParOldGen       total 68608K, used 58212K [0x0000000080000000, 0x0000000084300000, 0x00000000d5580000)
  object space 68608K, 84% used [0x0000000080000000,0x00000000838d9168,0x0000000084300000)
 Metaspace       used 92185K, capacity 97844K, committed 98072K, reserved 1134592K
  class space    used 12118K, capacity 13103K, committed 13104K, reserved 1048576K
}
Event: 1728.836 GC heap before
{Heap before GC invocations=24 (full 4):
 PSYoungGen      total 334336K, used 23012K [0x00000000d5580000, 0x00000000ec580000, 0x0000000100000000)
  eden space 311296K, 0% used [0x00000000d5580000,0x00000000d5580000,0x00000000e8580000)
  from space 23040K, 99% used [0x00000000eaf00000,0x00000000ec579200,0x00000000ec580000)
  to   space 28672K, 0% used [0x00000000e8d80000,0x00000000e8d80000,0x00000000ea980000)
 ParOldGen       total 68608K, used 58212K [0x0000000080000000, 0x0000000084300000, 0x00000000d5580000)
  object space 68608K, 84% used [0x0000000080000000,0x00000000838d9168,0x0000000084300000)
 Metaspace       used 92185K, capacity 97844K, committed 98072K, reserved 1134592K
  class space    used 12118K, capacity 13103K, committed 13104K, reserved 1048576K
Event: 1729.905 GC heap after
Heap after GC invocations=24 (full 4):
 PSYoungGen      total 334336K, used 0K [0x00000000d5580000, 0x00000000ec580000, 0x0000000100000000)
  eden space 311296K, 0% used [0x00000000d5580000,0x00000000d5580000,0x00000000e8580000)
  from space 23040K, 0% used [0x00000000eaf00000,0x00000000eaf00000,0x00000000ec580000)
  to   space 28672K, 0% used [0x00000000e8d80000,0x00000000e8d80000,0x00000000ea980000)
 ParOldGen       total 109568K, used 59612K [0x0000000080000000, 0x0000000086b00000, 0x00000000d5580000)
  object space 109568K, 54% used [0x0000000080000000,0x0000000083a37208,0x0000000086b00000)
 Metaspace       used 92179K, capacity 97826K, committed 98072K, reserved 1134592K
  class space    used 12116K, capacity 13100K, committed 13104K, reserved 1048576K
}
Event: 1834.743 GC heap before
{Heap before GC invocations=25 (full 4):
 PSYoungGen      total 334336K, used 311296K [0x00000000d5580000, 0x00000000ec580000, 0x0000000100000000)
  eden space 311296K, 100% used [0x00000000d5580000,0x00000000e8580000,0x00000000e8580000)
  from space 23040K, 0% used [0x00000000eaf00000,0x00000000eaf00000,0x00000000ec580000)
  to   space 28672K, 0% used [0x00000000e8d80000,0x00000000e8d80000,0x00000000ea980000)
 ParOldGen       total 109568K, used 59612K [0x0000000080000000, 0x0000000086b00000, 0x00000000d5580000)
  object space 109568K, 54% used [0x0000000080000000,0x0000000083a37208,0x0000000086b00000)
 Metaspace       used 92308K, capacity 97900K, committed 98072K, reserved 1134592K
  class space    used 12117K, capacity 13101K, committed 13104K, reserved 1048576K
Event: 1834.854 GC heap after
Heap after GC invocations=25 (full 4):
 PSYoungGen      total 348160K, used 8640K [0x00000000d5580000, 0x00000000ed780000, 0x0000000100000000)
  eden space 319488K, 0% used [0x00000000d5580000,0x00000000d5580000,0x00000000e8d80000)
  from space 28672K, 30% used [0x00000000e8d80000,0x00000000e95f0060,0x00000000ea980000)
  to   space 27648K, 0% used [0x00000000ebc80000,0x00000000ebc80000,0x00000000ed780000)
 ParOldGen       total 109568K, used 59620K [0x0000000080000000, 0x0000000086b00000, 0x00000000d5580000)
  object space 109568K, 54% used [0x0000000080000000,0x0000000083a39208,0x0000000086b00000)
 Metaspace       used 92308K, capacity 97900K, committed 98072K, reserved 1134592K
  class space    used 12117K, capacity 13101K, committed 13104K, reserved 1048576K
}

