# JRE version: OpenJDK Runtime Environment (8.0_242-b01) (build 1.8.0_242-release-1644-b01)
# Java VM: OpenJDK 64-Bit Server VM (25.242-b01 mixed mode windows-amd64 compressed oops)
Heap:
 PSYoungGen      total 367616K, used 235526K [0x00000000d5580000, 0x00000000edc80000, 0x0000000100000000)
  eden space 343040K, 64% used [0x00000000d5580000,0x00000000e2cb5a28,0x00000000ea480000)
  from space 24576K, 61% used [0x00000000ec480000,0x00000000ed34c060,0x00000000edc80000)
  to   space 28672K, 0% used [0x00000000ea480000,0x00000000ea480000,0x00000000ec080000)
 ParOldGen       total 71680K, used 51963K [0x0000000080000000, 0x0000000084600000, 0x00000000d5580000)
  object space 71680K, 72% used [0x0000000080000000,0x00000000832bece0,0x0000000084600000)
 Metaspace       used 78197K, capacity 82994K, committed 83112K, reserved 1122304K
  class space    used 10198K, capacity 11070K, committed 11184K, reserved 1048576K
GC Heap History (10 events):
Event: 413.224 GC heap before
{Heap before GC invocations=21 (full 3):
 PSYoungGen      total 302080K, used 294512K [0x00000000d5580000, 0x00000000eb300000, 0x0000000100000000)
  eden space 277504K, 100% used [0x00000000d5580000,0x00000000e6480000,0x00000000e6480000)
  from space 24576K, 69% used [0x00000000e6480000,0x00000000e751c0c0,0x00000000e7c80000)
  to   space 25600K, 0% used [0x00000000e9a00000,0x00000000e9a00000,0x00000000eb300000)
 ParOldGen       total 71680K, used 51931K [0x0000000080000000, 0x0000000084600000, 0x00000000d5580000)
  object space 71680K, 72% used [0x0000000080000000,0x00000000832b6ce0,0x0000000084600000)
 Metaspace       used 76320K, capacity 80096K, committed 80168K, reserved 1118208K
  class space    used 10036K, capacity 10773K, committed 10800K, reserved 1048576K
Event: 414.819 GC heap after
Heap after GC invocations=21 (full 3):
 PSYoungGen      total 330240K, used 13840K [0x00000000d5580000, 0x00000000eb200000, 0x0000000100000000)
  eden space 305664K, 0% used [0x00000000d5580000,0x00000000d5580000,0x00000000e8000000)
  from space 24576K, 56% used [0x00000000e9a00000,0x00000000ea784060,0x00000000eb200000)
  to   space 25600K, 0% used [0x00000000e8000000,0x00000000e8000000,0x00000000e9900000)
 ParOldGen       total 71680K, used 51931K [0x0000000080000000, 0x0000000084600000, 0x00000000d5580000)
  object space 71680K, 72% used [0x0000000080000000,0x00000000832b6ce0,0x0000000084600000)
 Metaspace       used 76320K, capacity 80096K, committed 80168K, reserved 1118208K
  class space    used 10036K, capacity 10773K, committed 10800K, reserved 1048576K
}
Event: 458.251 GC heap before
{Heap before GC invocations=22 (full 3):
 PSYoungGen      total 330240K, used 319504K [0x00000000d5580000, 0x00000000eb200000, 0x0000000100000000)
  eden space 305664K, 100% used [0x00000000d5580000,0x00000000e8000000,0x00000000e8000000)
  from space 24576K, 56% used [0x00000000e9a00000,0x00000000ea784060,0x00000000eb200000)
  to   space 25600K, 0% used [0x00000000e8000000,0x00000000e8000000,0x00000000e9900000)
 ParOldGen       total 71680K, used 51931K [0x0000000080000000, 0x0000000084600000, 0x00000000d5580000)
  object space 71680K, 72% used [0x0000000080000000,0x00000000832b6ce0,0x0000000084600000)
 Metaspace       used 76655K, capacity 80466K, committed 80808K, reserved 1120256K
  class space    used 10052K, capacity 10802K, committed 10928K, reserved 1048576K
Event: 458.390 GC heap after
Heap after GC invocations=22 (full 3):
 PSYoungGen      total 331264K, used 15072K [0x00000000d5580000, 0x00000000ecc00000, 0x0000000100000000)
  eden space 305664K, 0% used [0x00000000d5580000,0x00000000d5580000,0x00000000e8000000)
  from space 25600K, 58% used [0x00000000e8000000,0x00000000e8eb80b0,0x00000000e9900000)
  to   space 25600K, 0% used [0x00000000eb300000,0x00000000eb300000,0x00000000ecc00000)
 ParOldGen       total 71680K, used 51939K [0x0000000080000000, 0x0000000084600000, 0x00000000d5580000)
  object space 71680K, 72% used [0x0000000080000000,0x00000000832b8ce0,0x0000000084600000)
 Metaspace       used 76655K, capacity 80466K, committed 80808K, reserved 1120256K
  class space    used 10052K, capacity 10802K, committed 10928K, reserved 1048576K
}
Event: 537.285 GC heap before
{Heap before GC invocations=23 (full 3):
 PSYoungGen      total 331264K, used 320736K [0x00000000d5580000, 0x00000000ecc00000, 0x0000000100000000)
  eden space 305664K, 100% used [0x00000000d5580000,0x00000000e8000000,0x00000000e8000000)
  from space 25600K, 58% used [0x00000000e8000000,0x00000000e8eb80b0,0x00000000e9900000)
  to   space 25600K, 0% used [0x00000000eb300000,0x00000000eb300000,0x00000000ecc00000)
 ParOldGen       total 71680K, used 51939K [0x0000000080000000, 0x0000000084600000, 0x00000000d5580000)
  object space 71680K, 72% used [0x0000000080000000,0x00000000832b8ce0,0x0000000084600000)
 Metaspace       used 77690K, capacity 82464K, committed 82600K, reserved 1120256K
  class space    used 10196K, capacity 11069K, committed 11184K, reserved 1048576K
Event: 537.383 GC heap after
Heap after GC invocations=23 (full 3):
 PSYoungGen      total 348672K, used 16720K [0x00000000d5580000, 0x00000000ec800000, 0x0000000100000000)
  eden space 327168K, 0% used [0x00000000d5580000,0x00000000d5580000,0x00000000e9500000)
  from space 21504K, 77% used [0x00000000eb300000,0x00000000ec3540c0,0x00000000ec800000)
  to   space 26112K, 0% used [0x00000000e9500000,0x00000000e9500000,0x00000000eae80000)
 ParOldGen       total 71680K, used 51947K [0x0000000080000000, 0x0000000084600000, 0x00000000d5580000)
  object space 71680K, 72% used [0x0000000080000000,0x00000000832bace0,0x0000000084600000)
 Metaspace       used 77690K, capacity 82464K, committed 82600K, reserved 1120256K
  class space    used 10196K, capacity 11069K, committed 11184K, reserved 1048576K
}
Event: 626.350 GC heap before
{Heap before GC invocations=24 (full 3):
 PSYoungGen      total 348672K, used 343498K [0x00000000d5580000, 0x00000000ec800000, 0x0000000100000000)
  eden space 327168K, 99% used [0x00000000d5580000,0x00000000e949e910,0x00000000e9500000)
  from space 21504K, 77% used [0x00000000eb300000,0x00000000ec3540c0,0x00000000ec800000)
  to   space 26112K, 0% used [0x00000000e9500000,0x00000000e9500000,0x00000000eae80000)
 ParOldGen       total 71680K, used 51947K [0x0000000080000000, 0x0000000084600000, 0x00000000d5580000)
  object space 71680K, 72% used [0x0000000080000000,0x00000000832bace0,0x0000000084600000)
 Metaspace       used 77919K, capacity 82664K, committed 82856K, reserved 1120256K
  class space    used 10197K, capacity 11069K, committed 11184K, reserved 1048576K
Event: 626.472 GC heap after
Heap after GC invocations=24 (full 3):
 PSYoungGen      total 353280K, used 25914K [0x00000000d5580000, 0x00000000ee180000, 0x0000000100000000)
  eden space 327168K, 0% used [0x00000000d5580000,0x00000000d5580000,0x00000000e9500000)
  from space 26112K, 99% used [0x00000000e9500000,0x00000000eae4e880,0x00000000eae80000)
  to   space 29696K, 0% used [0x00000000ec480000,0x00000000ec480000,0x00000000ee180000)
 ParOldGen       total 71680K, used 51955K [0x0000000080000000, 0x0000000084600000, 0x00000000d5580000)
  object space 71680K, 72% used [0x0000000080000000,0x00000000832bcce0,0x0000000084600000)
 Metaspace       used 77919K, capacity 82664K, committed 82856K, reserved 1120256K
  class space    used 10197K, capacity 11069K, committed 11184K, reserved 1048576K
}
Event: 706.961 GC heap before
{Heap before GC invocations=25 (full 3):
 PSYoungGen      total 353280K, used 353082K [0x00000000d5580000, 0x00000000ee180000, 0x0000000100000000)
  eden space 327168K, 100% used [0x00000000d5580000,0x00000000e9500000,0x00000000e9500000)
  from space 26112K, 99% used [0x00000000e9500000,0x00000000eae4e880,0x00000000eae80000)
  to   space 29696K, 0% used [0x00000000ec480000,0x00000000ec480000,0x00000000ee180000)
 ParOldGen       total 71680K, used 51955K [0x0000000080000000, 0x0000000084600000, 0x00000000d5580000)
  object space 71680K, 72% used [0x0000000080000000,0x00000000832bcce0,0x0000000084600000)
 Metaspace       used 78106K, capacity 82930K, committed 83112K, reserved 1122304K
  class space    used 10198K, capacity 11070K, committed 11184K, reserved 1048576K
Event: 707.127 GC heap after
Heap after GC invocations=25 (full 3):
 PSYoungGen      total 367616K, used 15152K [0x00000000d5580000, 0x00000000edc80000, 0x0000000100000000)
  eden space 343040K, 0% used [0x00000000d5580000,0x00000000d5580000,0x00000000ea480000)
  from space 24576K, 61% used [0x00000000ec480000,0x00000000ed34c060,0x00000000edc80000)
  to   space 28672K, 0% used [0x00000000ea480000,0x00000000ea480000,0x00000000ec080000)
 ParOldGen       total 71680K, used 51963K [0x0000000080000000, 0x0000000084600000, 0x00000000d5580000)
  object space 71680K, 72% used [0x0000000080000000,0x00000000832bece0,0x0000000084600000)
 Metaspace       used 78106K, capacity 82930K, committed 83112K, reserved 1122304K
  class space    used 10198K, capacity 11070K, committed 11184K, reserved 1048576K
}

