# JRE version: OpenJDK Runtime Environment (8.0_242-b01) (build 1.8.0_242-release-1644-b01)
# Java VM: OpenJDK 64-Bit Server VM (25.242-b01 mixed mode windows-amd64 compressed oops)
Heap:
 PSYoungGen      total 393216K, used 260907K [0x00000000d5580000, 0x00000000f3b80000, 0x0000000100000000)
  eden space 367616K, 64% used [0x00000000d5580000,0x00000000e3b4c878,0x00000000ebc80000)
  from space 25600K, 99% used [0x00000000ebc80000,0x00000000ed57e5b0,0x00000000ed580000)
  to   space 30720K, 0% used [0x00000000f1d80000,0x00000000f1d80000,0x00000000f3b80000)
 ParOldGen       total 88064K, used 51972K [0x0000000080000000, 0x0000000085600000, 0x00000000d5580000)
  object space 88064K, 59% used [0x0000000080000000,0x00000000832c11e0,0x0000000085600000)
 Metaspace       used 105929K, capacity 111310K, committed 111640K, reserved 1144832K
  class space    used 14167K, capacity 15216K, committed 15400K, reserved 1048576K
GC Heap History (10 events):
Event: 197.517 GC heap before
{Heap before GC invocations=17 (full 3):
 PSYoungGen      total 223232K, used 209408K [0x00000000d5580000, 0x00000000e9a80000, 0x0000000100000000)
  eden space 209408K, 100% used [0x00000000d5580000,0x00000000e2200000,0x00000000e2200000)
  from space 13824K, 0% used [0x00000000e2200000,0x00000000e2200000,0x00000000e2f80000)
  to   space 19456K, 0% used [0x00000000e8780000,0x00000000e8780000,0x00000000e9a80000)
 ParOldGen       total 66560K, used 37943K [0x0000000080000000, 0x0000000084100000, 0x00000000d5580000)
  object space 66560K, 57% used [0x0000000080000000,0x000000008250dde0,0x0000000084100000)
 Metaspace       used 68032K, capacity 70646K, committed 70808K, reserved 1110016K
  class space    used 9379K, capacity 9896K, committed 9896K, reserved 1048576K
Event: 197.689 GC heap after
Heap after GC invocations=17 (full 3):
 PSYoungGen      total 304640K, used 18804K [0x00000000d5580000, 0x00000000e9a00000, 0x0000000100000000)
  eden space 285696K, 0% used [0x00000000d5580000,0x00000000d5580000,0x00000000e6c80000)
  from space 18944K, 99% used [0x00000000e8780000,0x00000000e99dd1b8,0x00000000e9a00000)
  to   space 22528K, 0% used [0x00000000e6e00000,0x00000000e6e00000,0x00000000e8400000)
 ParOldGen       total 66560K, used 37951K [0x0000000080000000, 0x0000000084100000, 0x00000000d5580000)
  object space 66560K, 57% used [0x0000000080000000,0x000000008250fde0,0x0000000084100000)
 Metaspace       used 68032K, capacity 70646K, committed 70808K, reserved 1110016K
  class space    used 9379K, capacity 9896K, committed 9896K, reserved 1048576K
}
Event: 1297.091 GC heap before
{Heap before GC invocations=18 (full 3):
 PSYoungGen      total 304640K, used 304500K [0x00000000d5580000, 0x00000000e9a00000, 0x0000000100000000)
  eden space 285696K, 100% used [0x00000000d5580000,0x00000000e6c80000,0x00000000e6c80000)
  from space 18944K, 99% used [0x00000000e8780000,0x00000000e99dd1b8,0x00000000e9a00000)
  to   space 22528K, 0% used [0x00000000e6e00000,0x00000000e6e00000,0x00000000e8400000)
 ParOldGen       total 66560K, used 37951K [0x0000000080000000, 0x0000000084100000, 0x00000000d5580000)
  object space 66560K, 57% used [0x0000000080000000,0x000000008250fde0,0x0000000084100000)
 Metaspace       used 81983K, capacity 85532K, committed 85656K, reserved 1124352K
  class space    used 10891K, capacity 11664K, committed 11688K, reserved 1048576K
Event: 1297.707 GC heap after
Heap after GC invocations=18 (full 3):
 PSYoungGen      total 309760K, used 17720K [0x00000000d5580000, 0x00000000ef680000, 0x0000000100000000)
  eden space 287232K, 0% used [0x00000000d5580000,0x00000000d5580000,0x00000000e6e00000)
  from space 22528K, 78% used [0x00000000e6e00000,0x00000000e7f4e360,0x00000000e8400000)
  to   space 24576K, 0% used [0x00000000ede80000,0x00000000ede80000,0x00000000ef680000)
 ParOldGen       total 66560K, used 47983K [0x0000000080000000, 0x0000000084100000, 0x00000000d5580000)
  object space 66560K, 72% used [0x0000000080000000,0x0000000082edbc70,0x0000000084100000)
 Metaspace       used 81983K, capacity 85532K, committed 85656K, reserved 1124352K
  class space    used 10891K, capacity 11664K, committed 11688K, reserved 1048576K
}
Event: 2382.019 GC heap before
{Heap before GC invocations=19 (full 3):
 PSYoungGen      total 309760K, used 304952K [0x00000000d5580000, 0x00000000ef680000, 0x0000000100000000)
  eden space 287232K, 100% used [0x00000000d5580000,0x00000000e6e00000,0x00000000e6e00000)
  from space 22528K, 78% used [0x00000000e6e00000,0x00000000e7f4e360,0x00000000e8400000)
  to   space 24576K, 0% used [0x00000000ede80000,0x00000000ede80000,0x00000000ef680000)
 ParOldGen       total 66560K, used 47983K [0x0000000080000000, 0x0000000084100000, 0x00000000d5580000)
  object space 66560K, 72% used [0x0000000080000000,0x0000000082edbc70,0x0000000084100000)
 Metaspace       used 92233K, capacity 96420K, committed 96536K, reserved 1132544K
  class space    used 12220K, capacity 13091K, committed 13096K, reserved 1048576K
Event: 2382.138 GC heap after
Heap after GC invocations=19 (full 3):
 PSYoungGen      total 384000K, used 16156K [0x00000000d5580000, 0x00000000eee80000, 0x0000000100000000)
  eden space 367616K, 0% used [0x00000000d5580000,0x00000000d5580000,0x00000000ebc80000)
  from space 16384K, 98% used [0x00000000ede80000,0x00000000eee473b8,0x00000000eee80000)
  to   space 25600K, 0% used [0x00000000ebc80000,0x00000000ebc80000,0x00000000ed580000)
 ParOldGen       total 66560K, used 56976K [0x0000000080000000, 0x0000000084100000, 0x00000000d5580000)
  object space 66560K, 85% used [0x0000000080000000,0x00000000837a4040,0x0000000084100000)
 Metaspace       used 92233K, capacity 96420K, committed 96536K, reserved 1132544K
  class space    used 12220K, capacity 13091K, committed 13096K, reserved 1048576K
}
Event: 2382.138 GC heap before
{Heap before GC invocations=20 (full 4):
 PSYoungGen      total 384000K, used 16156K [0x00000000d5580000, 0x00000000eee80000, 0x0000000100000000)
  eden space 367616K, 0% used [0x00000000d5580000,0x00000000d5580000,0x00000000ebc80000)
  from space 16384K, 98% used [0x00000000ede80000,0x00000000eee473b8,0x00000000eee80000)
  to   space 25600K, 0% used [0x00000000ebc80000,0x00000000ebc80000,0x00000000ed580000)
 ParOldGen       total 66560K, used 56976K [0x0000000080000000, 0x0000000084100000, 0x00000000d5580000)
  object space 66560K, 85% used [0x0000000080000000,0x00000000837a4040,0x0000000084100000)
 Metaspace       used 92233K, capacity 96420K, committed 96536K, reserved 1132544K
  class space    used 12220K, capacity 13091K, committed 13096K, reserved 1048576K
Event: 2383.248 GC heap after
Heap after GC invocations=20 (full 4):
 PSYoungGen      total 384000K, used 0K [0x00000000d5580000, 0x00000000eee80000, 0x0000000100000000)
  eden space 367616K, 0% used [0x00000000d5580000,0x00000000d5580000,0x00000000ebc80000)
  from space 16384K, 0% used [0x00000000ede80000,0x00000000ede80000,0x00000000eee80000)
  to   space 25600K, 0% used [0x00000000ebc80000,0x00000000ebc80000,0x00000000ed580000)
 ParOldGen       total 88064K, used 48601K [0x0000000080000000, 0x0000000085600000, 0x00000000d5580000)
  object space 88064K, 55% used [0x0000000080000000,0x0000000082f76440,0x0000000085600000)
 Metaspace       used 87304K, capacity 90850K, committed 96536K, reserved 1132544K
  class space    used 11560K, capacity 12326K, committed 13096K, reserved 1048576K
}
Event: 2762.999 GC heap before
{Heap before GC invocations=21 (full 4):
 PSYoungGen      total 384000K, used 367616K [0x00000000d5580000, 0x00000000eee80000, 0x0000000100000000)
  eden space 367616K, 100% used [0x00000000d5580000,0x00000000ebc80000,0x00000000ebc80000)
  from space 16384K, 0% used [0x00000000ede80000,0x00000000ede80000,0x00000000eee80000)
  to   space 25600K, 0% used [0x00000000ebc80000,0x00000000ebc80000,0x00000000ed580000)
 ParOldGen       total 88064K, used 48601K [0x0000000080000000, 0x0000000085600000, 0x00000000d5580000)
  object space 88064K, 55% used [0x0000000080000000,0x0000000082f76440,0x0000000085600000)
 Metaspace       used 105221K, capacity 110478K, committed 110744K, reserved 1144832K
  class space    used 14152K, capacity 15190K, committed 15272K, reserved 1048576K
Event: 2763.176 GC heap after
Heap after GC invocations=21 (full 4):
 PSYoungGen      total 393216K, used 25593K [0x00000000d5580000, 0x00000000f3b80000, 0x0000000100000000)
  eden space 367616K, 0% used [0x00000000d5580000,0x00000000d5580000,0x00000000ebc80000)
  from space 25600K, 99% used [0x00000000ebc80000,0x00000000ed57e5b0,0x00000000ed580000)
  to   space 30720K, 0% used [0x00000000f1d80000,0x00000000f1d80000,0x00000000f3b80000)
 ParOldGen       total 88064K, used 51972K [0x0000000080000000, 0x0000000085600000, 0x00000000d5580000)
  object space 88064K, 59% used [0x0000000080000000,0x00000000832c11e0,0x0000000085600000)
 Metaspace       used 105221K, capacity 110478K, committed 110744K, reserved 1144832K
  class space    used 14152K, capacity 15190K, committed 15272K, reserved 1048576K
}

