# JRE version: OpenJDK Runtime Environment (8.0_242-b01) (build 1.8.0_242-release-1644-b01)
# Java VM: OpenJDK 64-Bit Server VM (25.242-b01 mixed mode windows-amd64 compressed oops)
Heap:
 PSYoungGen      total 350208K, used 203594K [0x00000000d5580000, 0x00000000ed180000, 0x0000000100000000)
  eden space 321536K, 58% used [0x00000000d5580000,0x00000000e0d64890,0x00000000e8f80000)
  from space 28672K, 53% used [0x00000000eaf00000,0x00000000ebdee0d0,0x00000000ecb00000)
  to   space 32256K, 0% used [0x00000000e8f80000,0x00000000e8f80000,0x00000000eaf00000)
 ParOldGen       total 127488K, used 69011K [0x0000000080000000, 0x0000000087c80000, 0x00000000d5580000)
  object space 127488K, 54% used [0x0000000080000000,0x0000000084364cb8,0x0000000087c80000)
 Metaspace       used 111891K, capacity 119932K, committed 120088K, reserved 1153024K
  class space    used 14660K, capacity 16089K, committed 16168K, reserved 1048576K
GC Heap History (10 events):
Event: 3982.766 GC heap before
{Heap before GC invocations=24 (full 4):
 PSYoungGen      total 335872K, used 320126K [0x00000000d5580000, 0x00000000ed180000, 0x0000000100000000)
  eden space 307200K, 100% used [0x00000000d5580000,0x00000000e8180000,0x00000000e8180000)
  from space 28672K, 45% used [0x00000000e8180000,0x00000000e8e1f888,0x00000000e9d80000)
  to   space 27648K, 0% used [0x00000000eb680000,0x00000000eb680000,0x00000000ed180000)
 ParOldGen       total 127488K, used 68987K [0x0000000080000000, 0x0000000087c80000, 0x00000000d5580000)
  object space 127488K, 54% used [0x0000000080000000,0x000000008435ecb8,0x0000000087c80000)
 Metaspace       used 108833K, capacity 114742K, committed 114968K, reserved 1148928K
  class space    used 14249K, capacity 15394K, committed 15400K, reserved 1048576K
Event: 3983.290 GC heap after
Heap after GC invocations=24 (full 4):
 PSYoungGen      total 356864K, used 25097K [0x00000000d5580000, 0x00000000ed300000, 0x0000000100000000)
  eden space 329216K, 0% used [0x00000000d5580000,0x00000000d5580000,0x00000000e9700000)
  from space 27648K, 90% used [0x00000000eb680000,0x00000000ecf02438,0x00000000ed180000)
  to   space 30720K, 0% used [0x00000000e9700000,0x00000000e9700000,0x00000000eb500000)
 ParOldGen       total 127488K, used 68987K [0x0000000080000000, 0x0000000087c80000, 0x00000000d5580000)
  object space 127488K, 54% used [0x0000000080000000,0x000000008435ecb8,0x0000000087c80000)
 Metaspace       used 108833K, capacity 114742K, committed 114968K, reserved 1148928K
  class space    used 14249K, capacity 15394K, committed 15400K, reserved 1048576K
}
Event: 4205.650 GC heap before
{Heap before GC invocations=25 (full 4):
 PSYoungGen      total 356864K, used 354313K [0x00000000d5580000, 0x00000000ed300000, 0x0000000100000000)
  eden space 329216K, 100% used [0x00000000d5580000,0x00000000e9700000,0x00000000e9700000)
  from space 27648K, 90% used [0x00000000eb680000,0x00000000ecf02438,0x00000000ed180000)
  to   space 30720K, 0% used [0x00000000e9700000,0x00000000e9700000,0x00000000eb500000)
 ParOldGen       total 127488K, used 68987K [0x0000000080000000, 0x0000000087c80000, 0x00000000d5580000)
  object space 127488K, 54% used [0x0000000080000000,0x000000008435ecb8,0x0000000087c80000)
 Metaspace       used 109954K, capacity 116316K, committed 116504K, reserved 1150976K
  class space    used 14399K, capacity 15607K, committed 15656K, reserved 1048576K
Event: 4206.100 GC heap after
Heap after GC invocations=25 (full 4):
 PSYoungGen      total 359936K, used 18646K [0x00000000d5580000, 0x00000000ee880000, 0x0000000100000000)
  eden space 329216K, 0% used [0x00000000d5580000,0x00000000d5580000,0x00000000e9700000)
  from space 30720K, 60% used [0x00000000e9700000,0x00000000ea935b90,0x00000000eb500000)
  to   space 30720K, 0% used [0x00000000eca80000,0x00000000eca80000,0x00000000ee880000)
 ParOldGen       total 127488K, used 68995K [0x0000000080000000, 0x0000000087c80000, 0x00000000d5580000)
  object space 127488K, 54% used [0x0000000080000000,0x0000000084360cb8,0x0000000087c80000)
 Metaspace       used 109954K, capacity 116316K, committed 116504K, reserved 1150976K
  class space    used 14399K, capacity 15607K, committed 15656K, reserved 1048576K
}
Event: 4524.656 GC heap before
{Heap before GC invocations=26 (full 4):
 PSYoungGen      total 359936K, used 347862K [0x00000000d5580000, 0x00000000ee880000, 0x0000000100000000)
  eden space 329216K, 100% used [0x00000000d5580000,0x00000000e9700000,0x00000000e9700000)
  from space 30720K, 60% used [0x00000000e9700000,0x00000000ea935b90,0x00000000eb500000)
  to   space 30720K, 0% used [0x00000000eca80000,0x00000000eca80000,0x00000000ee880000)
 ParOldGen       total 127488K, used 68995K [0x0000000080000000, 0x0000000087c80000, 0x00000000d5580000)
  object space 127488K, 54% used [0x0000000080000000,0x0000000084360cb8,0x0000000087c80000)
 Metaspace       used 110542K, capacity 117414K, committed 117656K, reserved 1150976K
  class space    used 14476K, capacity 15746K, committed 15784K, reserved 1048576K
Event: 4524.925 GC heap after
Heap after GC invocations=26 (full 4):
 PSYoungGen      total 345600K, used 30628K [0x00000000d5580000, 0x00000000ee880000, 0x0000000100000000)
  eden space 314880K, 0% used [0x00000000d5580000,0x00000000d5580000,0x00000000e8900000)
  from space 30720K, 99% used [0x00000000eca80000,0x00000000ee8690a8,0x00000000ee880000)
  to   space 35328K, 0% used [0x00000000ea380000,0x00000000ea380000,0x00000000ec600000)
 ParOldGen       total 127488K, used 68995K [0x0000000080000000, 0x0000000087c80000, 0x00000000d5580000)
  object space 127488K, 54% used [0x0000000080000000,0x0000000084360cb8,0x0000000087c80000)
 Metaspace       used 110542K, capacity 117414K, committed 117656K, reserved 1150976K
  class space    used 14476K, capacity 15746K, committed 15784K, reserved 1048576K
}
Event: 4779.541 GC heap before
{Heap before GC invocations=27 (full 4):
 PSYoungGen      total 345600K, used 345508K [0x00000000d5580000, 0x00000000ee880000, 0x0000000100000000)
  eden space 314880K, 100% used [0x00000000d5580000,0x00000000e8900000,0x00000000e8900000)
  from space 30720K, 99% used [0x00000000eca80000,0x00000000ee8690a8,0x00000000ee880000)
  to   space 35328K, 0% used [0x00000000ea380000,0x00000000ea380000,0x00000000ec600000)
 ParOldGen       total 127488K, used 68995K [0x0000000080000000, 0x0000000087c80000, 0x00000000d5580000)
  object space 127488K, 54% used [0x0000000080000000,0x0000000084360cb8,0x0000000087c80000)
 Metaspace       used 110818K, capacity 117648K, committed 117912K, reserved 1150976K
  class space    used 14478K, capacity 15751K, committed 15784K, reserved 1048576K
Event: 4780.051 GC heap after
Heap after GC invocations=27 (full 4):
 PSYoungGen      total 312832K, used 11539K [0x00000000d5580000, 0x00000000ecb00000, 0x0000000100000000)
  eden space 301056K, 0% used [0x00000000d5580000,0x00000000d5580000,0x00000000e7b80000)
  from space 11776K, 97% used [0x00000000ea380000,0x00000000eaec4da0,0x00000000eaf00000)
  to   space 28672K, 0% used [0x00000000eaf00000,0x00000000eaf00000,0x00000000ecb00000)
 ParOldGen       total 127488K, used 69003K [0x0000000080000000, 0x0000000087c80000, 0x00000000d5580000)
  object space 127488K, 54% used [0x0000000080000000,0x0000000084362cb8,0x0000000087c80000)
 Metaspace       used 110818K, capacity 117648K, committed 117912K, reserved 1150976K
  class space    used 14478K, capacity 15751K, committed 15784K, reserved 1048576K
}
Event: 4807.322 GC heap before
{Heap before GC invocations=28 (full 4):
 PSYoungGen      total 312832K, used 312595K [0x00000000d5580000, 0x00000000ecb00000, 0x0000000100000000)
  eden space 301056K, 100% used [0x00000000d5580000,0x00000000e7b80000,0x00000000e7b80000)
  from space 11776K, 97% used [0x00000000ea380000,0x00000000eaec4da0,0x00000000eaf00000)
  to   space 28672K, 0% used [0x00000000eaf00000,0x00000000eaf00000,0x00000000ecb00000)
 ParOldGen       total 127488K, used 69003K [0x0000000080000000, 0x0000000087c80000, 0x00000000d5580000)
  object space 127488K, 54% used [0x0000000080000000,0x0000000084362cb8,0x0000000087c80000)
 Metaspace       used 110995K, capacity 117878K, committed 117912K, reserved 1150976K
  class space    used 14487K, capacity 15768K, committed 15784K, reserved 1048576K
Event: 4807.511 GC heap after
Heap after GC invocations=28 (full 4):
 PSYoungGen      total 350208K, used 15288K [0x00000000d5580000, 0x00000000ed180000, 0x0000000100000000)
  eden space 321536K, 0% used [0x00000000d5580000,0x00000000d5580000,0x00000000e8f80000)
  from space 28672K, 53% used [0x00000000eaf00000,0x00000000ebdee0d0,0x00000000ecb00000)
  to   space 32256K, 0% used [0x00000000e8f80000,0x00000000e8f80000,0x00000000eaf00000)
 ParOldGen       total 127488K, used 69011K [0x0000000080000000, 0x0000000087c80000, 0x00000000d5580000)
  object space 127488K, 54% used [0x0000000080000000,0x0000000084364cb8,0x0000000087c80000)
 Metaspace       used 110995K, capacity 117878K, committed 117912K, reserved 1150976K
  class space    used 14487K, capacity 15768K, committed 15784K, reserved 1048576K
}

