# JRE version: OpenJDK Runtime Environment (8.0_242-b01) (build 1.8.0_242-release-1644-b01)
# Java VM: OpenJDK 64-Bit Server VM (25.242-b01 mixed mode windows-amd64 compressed oops)
Heap:
 PSYoungGen      total 277504K, used 264367K [0x00000000d5580000, 0x00000000ec800000, 0x0000000100000000)
  eden space 254976K, 95% used [0x00000000d5580000,0x00000000e4233388,0x00000000e4e80000)
  from space 22528K, 97% used [0x00000000e4e80000,0x00000000e63f8c08,0x00000000e6480000)
  to   space 26112K, 0% used [0x00000000eae80000,0x00000000eae80000,0x00000000ec800000)
 ParOldGen       total 71680K, used 50112K [0x0000000080000000, 0x0000000084600000, 0x00000000d5580000)
  object space 71680K, 69% used [0x0000000080000000,0x00000000830f03a8,0x0000000084600000)
 Metaspace       used 87322K, capacity 91434K, committed 91672K, reserved 1128448K
  class space    used 11642K, capacity 12541K, committed 12584K, reserved 1048576K
GC Heap History (10 events):
Event: 208.982 GC heap before
{Heap before GC invocations=14 (full 2):
 PSYoungGen      total 156672K, used 145920K [0x00000000d5580000, 0x00000000e3700000, 0x0000000100000000)
  eden space 145920K, 100% used [0x00000000d5580000,0x00000000de400000,0x00000000de400000)
  from space 10752K, 0% used [0x00000000de400000,0x00000000de400000,0x00000000dee80000)
  to   space 10752K, 0% used [0x00000000e2c80000,0x00000000e2c80000,0x00000000e3700000)
 ParOldGen       total 41984K, used 18132K [0x0000000080000000, 0x0000000082900000, 0x00000000d5580000)
  object space 41984K, 43% used [0x0000000080000000,0x00000000811b5078,0x0000000082900000)
 Metaspace       used 42721K, capacity 44440K, committed 44712K, reserved 1087488K
  class space    used 5778K, capacity 6194K, committed 6312K, reserved 1048576K
Event: 210.237 GC heap after
Heap after GC invocations=14 (full 2):
 PSYoungGen      total 207360K, used 10731K [0x00000000d5580000, 0x00000000e3700000, 0x0000000100000000)
  eden space 196608K, 0% used [0x00000000d5580000,0x00000000d5580000,0x00000000e1580000)
  from space 10752K, 99% used [0x00000000e2c80000,0x00000000e36fade8,0x00000000e3700000)
  to   space 12800K, 0% used [0x00000000e1e00000,0x00000000e1e00000,0x00000000e2a80000)
 ParOldGen       total 41984K, used 19231K [0x0000000080000000, 0x0000000082900000, 0x00000000d5580000)
  object space 41984K, 45% used [0x0000000080000000,0x00000000812c7e40,0x0000000082900000)
 Metaspace       used 42721K, capacity 44440K, committed 44712K, reserved 1087488K
  class space    used 5778K, capacity 6194K, committed 6312K, reserved 1048576K
}
Event: 270.950 GC heap before
{Heap before GC invocations=15 (full 2):
 PSYoungGen      total 207360K, used 184719K [0x00000000d5580000, 0x00000000e3700000, 0x0000000100000000)
  eden space 196608K, 88% used [0x00000000d5580000,0x00000000dff68eb8,0x00000000e1580000)
  from space 10752K, 99% used [0x00000000e2c80000,0x00000000e36fade8,0x00000000e3700000)
  to   space 12800K, 0% used [0x00000000e1e00000,0x00000000e1e00000,0x00000000e2a80000)
 ParOldGen       total 41984K, used 19231K [0x0000000080000000, 0x0000000082900000, 0x00000000d5580000)
  object space 41984K, 45% used [0x0000000080000000,0x00000000812c7e40,0x0000000082900000)
 Metaspace       used 56934K, capacity 59098K, committed 59160K, reserved 1099776K
  class space    used 7720K, capacity 8229K, committed 8232K, reserved 1048576K
Event: 271.311 GC heap after
Heap after GC invocations=15 (full 2):
 PSYoungGen      total 218112K, used 12784K [0x00000000d5580000, 0x00000000e7800000, 0x0000000100000000)
  eden space 205312K, 0% used [0x00000000d5580000,0x00000000d5580000,0x00000000e1e00000)
  from space 12800K, 99% used [0x00000000e1e00000,0x00000000e2a7c090,0x00000000e2a80000)
  to   space 19968K, 0% used [0x00000000e6480000,0x00000000e6480000,0x00000000e7800000)
 ParOldGen       total 41984K, used 32470K [0x0000000080000000, 0x0000000082900000, 0x00000000d5580000)
  object space 41984K, 77% used [0x0000000080000000,0x0000000081fb5b00,0x0000000082900000)
 Metaspace       used 56934K, capacity 59098K, committed 59160K, reserved 1099776K
  class space    used 7720K, capacity 8229K, committed 8232K, reserved 1048576K
}
Event: 271.311 GC heap before
{Heap before GC invocations=16 (full 3):
 PSYoungGen      total 218112K, used 12784K [0x00000000d5580000, 0x00000000e7800000, 0x0000000100000000)
  eden space 205312K, 0% used [0x00000000d5580000,0x00000000d5580000,0x00000000e1e00000)
  from space 12800K, 99% used [0x00000000e1e00000,0x00000000e2a7c090,0x00000000e2a80000)
  to   space 19968K, 0% used [0x00000000e6480000,0x00000000e6480000,0x00000000e7800000)
 ParOldGen       total 41984K, used 32470K [0x0000000080000000, 0x0000000082900000, 0x00000000d5580000)
  object space 41984K, 77% used [0x0000000080000000,0x0000000081fb5b00,0x0000000082900000)
 Metaspace       used 56934K, capacity 59098K, committed 59160K, reserved 1099776K
  class space    used 7720K, capacity 8229K, committed 8232K, reserved 1048576K
Event: 273.827 GC heap after
Heap after GC invocations=16 (full 3):
 PSYoungGen      total 218112K, used 0K [0x00000000d5580000, 0x00000000e7800000, 0x0000000100000000)
  eden space 205312K, 0% used [0x00000000d5580000,0x00000000d5580000,0x00000000e1e00000)
  from space 12800K, 0% used [0x00000000e1e00000,0x00000000e1e00000,0x00000000e2a80000)
  to   space 19968K, 0% used [0x00000000e6480000,0x00000000e6480000,0x00000000e7800000)
 ParOldGen       total 71680K, used 39112K [0x0000000080000000, 0x0000000084600000, 0x00000000d5580000)
  object space 71680K, 54% used [0x0000000080000000,0x0000000082632138,0x0000000084600000)
 Metaspace       used 56934K, capacity 59098K, committed 59160K, reserved 1099776K
  class space    used 7720K, capacity 8229K, committed 8232K, reserved 1048576K
}
Event: 334.135 GC heap before
{Heap before GC invocations=17 (full 3):
 PSYoungGen      total 218112K, used 205312K [0x00000000d5580000, 0x00000000e7800000, 0x0000000100000000)
  eden space 205312K, 100% used [0x00000000d5580000,0x00000000e1e00000,0x00000000e1e00000)
  from space 12800K, 0% used [0x00000000e1e00000,0x00000000e1e00000,0x00000000e2a80000)
  to   space 19968K, 0% used [0x00000000e6480000,0x00000000e6480000,0x00000000e7800000)
 ParOldGen       total 71680K, used 39112K [0x0000000080000000, 0x0000000084600000, 0x00000000d5580000)
  object space 71680K, 54% used [0x0000000080000000,0x0000000082632138,0x0000000084600000)
 Metaspace       used 68053K, capacity 70880K, committed 71192K, reserved 1110016K
  class space    used 9357K, capacity 9934K, committed 10024K, reserved 1048576K
Event: 334.713 GC heap after
Heap after GC invocations=17 (full 3):
 PSYoungGen      total 274944K, used 18532K [0x00000000d5580000, 0x00000000e8a80000, 0x0000000100000000)
  eden space 254976K, 0% used [0x00000000d5580000,0x00000000d5580000,0x00000000e4e80000)
  from space 19968K, 92% used [0x00000000e6480000,0x00000000e7699118,0x00000000e7800000)
  to   space 22528K, 0% used [0x00000000e4e80000,0x00000000e4e80000,0x00000000e6480000)
 ParOldGen       total 71680K, used 39120K [0x0000000080000000, 0x0000000084600000, 0x00000000d5580000)
  object space 71680K, 54% used [0x0000000080000000,0x0000000082634138,0x0000000084600000)
 Metaspace       used 68053K, capacity 70880K, committed 71192K, reserved 1110016K
  class space    used 9357K, capacity 9934K, committed 10024K, reserved 1048576K
}
Event: 524.687 GC heap before
{Heap before GC invocations=18 (full 3):
 PSYoungGen      total 274944K, used 273508K [0x00000000d5580000, 0x00000000e8a80000, 0x0000000100000000)
  eden space 254976K, 100% used [0x00000000d5580000,0x00000000e4e80000,0x00000000e4e80000)
  from space 19968K, 92% used [0x00000000e6480000,0x00000000e7699118,0x00000000e7800000)
  to   space 22528K, 0% used [0x00000000e4e80000,0x00000000e4e80000,0x00000000e6480000)
 ParOldGen       total 71680K, used 39120K [0x0000000080000000, 0x0000000084600000, 0x00000000d5580000)
  object space 71680K, 54% used [0x0000000080000000,0x0000000082634138,0x0000000084600000)
 Metaspace       used 80298K, capacity 83654K, committed 83864K, reserved 1122304K
  class space    used 10712K, capacity 11412K, committed 11432K, reserved 1048576K
Event: 525.782 GC heap after
Heap after GC invocations=18 (full 3):
 PSYoungGen      total 277504K, used 21987K [0x00000000d5580000, 0x00000000ec800000, 0x0000000100000000)
  eden space 254976K, 0% used [0x00000000d5580000,0x00000000d5580000,0x00000000e4e80000)
  from space 22528K, 97% used [0x00000000e4e80000,0x00000000e63f8c08,0x00000000e6480000)
  to   space 26112K, 0% used [0x00000000eae80000,0x00000000eae80000,0x00000000ec800000)
 ParOldGen       total 71680K, used 50112K [0x0000000080000000, 0x0000000084600000, 0x00000000d5580000)
  object space 71680K, 69% used [0x0000000080000000,0x00000000830f03a8,0x0000000084600000)
 Metaspace       used 80298K, capacity 83654K, committed 83864K, reserved 1122304K
  class space    used 10712K, capacity 11412K, committed 11432K, reserved 1048576K
}

