# JRE version: OpenJDK Runtime Environment (8.0_242-b01) (build 1.8.0_242-release-1644-b01)
# Java VM: OpenJDK 64-Bit Server VM (25.242-b01 mixed mode windows-amd64 compressed oops)
Heap:
 PSYoungGen      total 293888K, used 93476K [0x00000000d5580000, 0x00000000ed700000, 0x0000000100000000)
  eden space 272384K, 26% used [0x00000000d5580000,0x00000000d9bcde60,0x00000000e5f80000)
  from space 21504K, 99% used [0x00000000e5f80000,0x00000000e747b520,0x00000000e7480000)
  to   space 30208K, 0% used [0x00000000eb980000,0x00000000eb980000,0x00000000ed700000)
 ParOldGen       total 67584K, used 51355K [0x0000000080000000, 0x0000000084200000, 0x00000000d5580000)
  object space 67584K, 75% used [0x0000000080000000,0x0000000083226ed8,0x0000000084200000)
 Metaspace       used 81200K, capacity 84638K, committed 84760K, reserved 1122304K
  class space    used 10816K, capacity 11559K, committed 11560K, reserved 1048576K
GC Heap History (10 events):
Event: 31.035 GC heap before
{Heap before GC invocations=14 (full 2):
 PSYoungGen      total 157696K, used 146944K [0x00000000d5580000, 0x00000000e3080000, 0x0000000100000000)
  eden space 146944K, 100% used [0x00000000d5580000,0x00000000de500000,0x00000000de500000)
  from space 10752K, 0% used [0x00000000de500000,0x00000000de500000,0x00000000def80000)
  to   space 11264K, 0% used [0x00000000e2580000,0x00000000e2580000,0x00000000e3080000)
 ParOldGen       total 39936K, used 18153K [0x0000000080000000, 0x0000000082700000, 0x00000000d5580000)
  object space 39936K, 45% used [0x0000000080000000,0x00000000811ba778,0x0000000082700000)
 Metaspace       used 45426K, capacity 47010K, committed 47272K, reserved 1089536K
  class space    used 6151K, capacity 6542K, committed 6568K, reserved 1048576K
Event: 31.512 GC heap after
Heap after GC invocations=14 (full 2):
 PSYoungGen      total 210432K, used 11257K [0x00000000d5580000, 0x00000000e3e00000, 0x0000000100000000)
  eden space 199168K, 0% used [0x00000000d5580000,0x00000000d5580000,0x00000000e1800000)
  from space 11264K, 99% used [0x00000000e2580000,0x00000000e307e648,0x00000000e3080000)
  to   space 13824K, 0% used [0x00000000e1800000,0x00000000e1800000,0x00000000e2580000)
 ParOldGen       total 39936K, used 20911K [0x0000000080000000, 0x0000000082700000, 0x00000000d5580000)
  object space 39936K, 52% used [0x0000000080000000,0x000000008146bf40,0x0000000082700000)
 Metaspace       used 45426K, capacity 47010K, committed 47272K, reserved 1089536K
  class space    used 6151K, capacity 6542K, committed 6568K, reserved 1048576K
}
Event: 37.824 GC heap before
{Heap before GC invocations=15 (full 2):
 PSYoungGen      total 210432K, used 167385K [0x00000000d5580000, 0x00000000e3e00000, 0x0000000100000000)
  eden space 199168K, 78% used [0x00000000d5580000,0x00000000dedf8048,0x00000000e1800000)
  from space 11264K, 99% used [0x00000000e2580000,0x00000000e307e648,0x00000000e3080000)
  to   space 13824K, 0% used [0x00000000e1800000,0x00000000e1800000,0x00000000e2580000)
 ParOldGen       total 39936K, used 20911K [0x0000000080000000, 0x0000000082700000, 0x00000000d5580000)
  object space 39936K, 52% used [0x0000000080000000,0x000000008146bf40,0x0000000082700000)
 Metaspace       used 57074K, capacity 59072K, committed 59160K, reserved 1099776K
  class space    used 7771K, capacity 8212K, committed 8232K, reserved 1048576K
Event: 37.964 GC heap after
Heap after GC invocations=15 (full 2):
 PSYoungGen      total 212992K, used 13798K [0x00000000d5580000, 0x00000000e8c00000, 0x0000000100000000)
  eden space 199168K, 0% used [0x00000000d5580000,0x00000000d5580000,0x00000000e1800000)
  from space 13824K, 99% used [0x00000000e1800000,0x00000000e2579a80,0x00000000e2580000)
  to   space 19456K, 0% used [0x00000000e7900000,0x00000000e7900000,0x00000000e8c00000)
 ParOldGen       total 39936K, used 30328K [0x0000000080000000, 0x0000000082700000, 0x00000000d5580000)
  object space 39936K, 75% used [0x0000000080000000,0x0000000081d9e1b0,0x0000000082700000)
 Metaspace       used 57074K, capacity 59072K, committed 59160K, reserved 1099776K
  class space    used 7771K, capacity 8212K, committed 8232K, reserved 1048576K
}
Event: 37.964 GC heap before
{Heap before GC invocations=16 (full 3):
 PSYoungGen      total 212992K, used 13798K [0x00000000d5580000, 0x00000000e8c00000, 0x0000000100000000)
  eden space 199168K, 0% used [0x00000000d5580000,0x00000000d5580000,0x00000000e1800000)
  from space 13824K, 99% used [0x00000000e1800000,0x00000000e2579a80,0x00000000e2580000)
  to   space 19456K, 0% used [0x00000000e7900000,0x00000000e7900000,0x00000000e8c00000)
 ParOldGen       total 39936K, used 30328K [0x0000000080000000, 0x0000000082700000, 0x00000000d5580000)
  object space 39936K, 75% used [0x0000000080000000,0x0000000081d9e1b0,0x0000000082700000)
 Metaspace       used 57074K, capacity 59072K, committed 59160K, reserved 1099776K
  class space    used 7771K, capacity 8212K, committed 8232K, reserved 1048576K
Event: 39.318 GC heap after
Heap after GC invocations=16 (full 3):
 PSYoungGen      total 212992K, used 0K [0x00000000d5580000, 0x00000000e8c00000, 0x0000000100000000)
  eden space 199168K, 0% used [0x00000000d5580000,0x00000000d5580000,0x00000000e1800000)
  from space 13824K, 0% used [0x00000000e1800000,0x00000000e1800000,0x00000000e2580000)
  to   space 19456K, 0% used [0x00000000e7900000,0x00000000e7900000,0x00000000e8c00000)
 ParOldGen       total 67584K, used 37235K [0x0000000080000000, 0x0000000084200000, 0x00000000d5580000)
  object space 67584K, 55% used [0x0000000080000000,0x000000008245cf68,0x0000000084200000)
 Metaspace       used 57074K, capacity 59072K, committed 59160K, reserved 1099776K
  class space    used 7771K, capacity 8212K, committed 8232K, reserved 1048576K
}
Event: 50.103 GC heap before
{Heap before GC invocations=17 (full 3):
 PSYoungGen      total 212992K, used 199168K [0x00000000d5580000, 0x00000000e8c00000, 0x0000000100000000)
  eden space 199168K, 100% used [0x00000000d5580000,0x00000000e1800000,0x00000000e1800000)
  from space 13824K, 0% used [0x00000000e1800000,0x00000000e1800000,0x00000000e2580000)
  to   space 19456K, 0% used [0x00000000e7900000,0x00000000e7900000,0x00000000e8c00000)
 ParOldGen       total 67584K, used 37235K [0x0000000080000000, 0x0000000084200000, 0x00000000d5580000)
  object space 67584K, 55% used [0x0000000080000000,0x000000008245cf68,0x0000000084200000)
 Metaspace       used 66083K, capacity 68770K, committed 68888K, reserved 1107968K
  class space    used 9101K, capacity 9656K, committed 9768K, reserved 1048576K
Event: 50.183 GC heap after
Heap after GC invocations=17 (full 3):
 PSYoungGen      total 279552K, used 16567K [0x00000000d5580000, 0x00000000e8980000, 0x0000000100000000)
  eden space 262656K, 0% used [0x00000000d5580000,0x00000000d5580000,0x00000000e5600000)
  from space 16896K, 98% used [0x00000000e7900000,0x00000000e892dd40,0x00000000e8980000)
  to   space 21504K, 0% used [0x00000000e5f80000,0x00000000e5f80000,0x00000000e7480000)
 ParOldGen       total 67584K, used 37243K [0x0000000080000000, 0x0000000084200000, 0x00000000d5580000)
  object space 67584K, 55% used [0x0000000080000000,0x000000008245ef68,0x0000000084200000)
 Metaspace       used 66083K, capacity 68770K, committed 68888K, reserved 1107968K
  class space    used 9101K, capacity 9656K, committed 9768K, reserved 1048576K
}
Event: 1534.663 GC heap before
{Heap before GC invocations=18 (full 3):
 PSYoungGen      total 279552K, used 279223K [0x00000000d5580000, 0x00000000e8980000, 0x0000000100000000)
  eden space 262656K, 100% used [0x00000000d5580000,0x00000000e5600000,0x00000000e5600000)
  from space 16896K, 98% used [0x00000000e7900000,0x00000000e892dd40,0x00000000e8980000)
  to   space 21504K, 0% used [0x00000000e5f80000,0x00000000e5f80000,0x00000000e7480000)
 ParOldGen       total 67584K, used 37243K [0x0000000080000000, 0x0000000084200000, 0x00000000d5580000)
  object space 67584K, 55% used [0x0000000080000000,0x000000008245ef68,0x0000000084200000)
 Metaspace       used 79472K, capacity 82886K, committed 83096K, reserved 1120256K
  class space    used 10586K, capacity 11319K, committed 11432K, reserved 1048576K
Event: 1534.846 GC heap after
Heap after GC invocations=18 (full 3):
 PSYoungGen      total 293888K, used 21485K [0x00000000d5580000, 0x00000000ed700000, 0x0000000100000000)
  eden space 272384K, 0% used [0x00000000d5580000,0x00000000d5580000,0x00000000e5f80000)
  from space 21504K, 99% used [0x00000000e5f80000,0x00000000e747b520,0x00000000e7480000)
  to   space 30208K, 0% used [0x00000000eb980000,0x00000000eb980000,0x00000000ed700000)
 ParOldGen       total 67584K, used 51355K [0x0000000080000000, 0x0000000084200000, 0x00000000d5580000)
  object space 67584K, 75% used [0x0000000080000000,0x0000000083226ed8,0x0000000084200000)
 Metaspace       used 79472K, capacity 82886K, committed 83096K, reserved 1120256K
  class space    used 10586K, capacity 11319K, committed 11432K, reserved 1048576K
}

