# JRE version: OpenJDK Runtime Environment (8.0_242-b01) (build 1.8.0_242-release-1644-b01)
# Java VM: OpenJDK 64-Bit Server VM (25.242-b01 mixed mode windows-amd64 compressed oops)
Heap:
 PSYoungGen      total 221184K, used 161677K [0x00000000d5580000, 0x00000000e9700000, 0x0000000100000000)
  eden space 207360K, 77% used [0x00000000d5580000,0x00000000df3634e8,0x00000000e2000000)
  from space 13824K, 0% used [0x00000000e2000000,0x00000000e2000000,0x00000000e2d80000)
  to   space 19968K, 0% used [0x00000000e8380000,0x00000000e8380000,0x00000000e9700000)
 ParOldGen       total 67072K, used 38060K [0x0000000080000000, 0x0000000084180000, 0x00000000d5580000)
  object space 67072K, 56% used [0x0000000080000000,0x000000008252b358,0x0000000084180000)
 Metaspace       used 65866K, capacity 68510K, committed 68760K, reserved 1107968K
  class space    used 9104K, capacity 9628K, committed 9640K, reserved 1048576K
GC Heap History (10 events):
Event: 58.319 GC heap before
{Heap before GC invocations=12 (full 1):
 PSYoungGen      total 150528K, used 84313K [0x00000000d5580000, 0x00000000dfa00000, 0x0000000100000000)
  eden space 141312K, 53% used [0x00000000d5580000,0x00000000d9ed9060,0x00000000ddf80000)
  from space 9216K, 99% used [0x00000000df100000,0x00000000df9fd728,0x00000000dfa00000)
  to   space 10752K, 0% used [0x00000000de500000,0x00000000de500000,0x00000000def80000)
 ParOldGen       total 24064K, used 8415K [0x0000000080000000, 0x0000000081780000, 0x00000000d5580000)
  object space 24064K, 34% used [0x0000000080000000,0x0000000080837e08,0x0000000081780000)
 Metaspace       used 34399K, capacity 35374K, committed 35496K, reserved 1079296K
  class space    used 4672K, capacity 4939K, committed 5032K, reserved 1048576K
Event: 58.364 GC heap after
Heap after GC invocations=12 (full 1):
 PSYoungGen      total 157696K, used 6608K [0x00000000d5580000, 0x00000000e3800000, 0x0000000100000000)
  eden space 146944K, 0% used [0x00000000d5580000,0x00000000d5580000,0x00000000de500000)
  from space 10752K, 61% used [0x00000000de500000,0x00000000deb740b8,0x00000000def80000)
  to   space 10752K, 0% used [0x00000000e2d80000,0x00000000e2d80000,0x00000000e3800000)
 ParOldGen       total 24064K, used 12453K [0x0000000080000000, 0x0000000081780000, 0x00000000d5580000)
  object space 24064K, 51% used [0x0000000080000000,0x0000000080c29568,0x0000000081780000)
 Metaspace       used 34399K, capacity 35374K, committed 35496K, reserved 1079296K
  class space    used 4672K, capacity 4939K, committed 5032K, reserved 1048576K
}
Event: 58.364 GC heap before
{Heap before GC invocations=13 (full 2):
 PSYoungGen      total 157696K, used 6608K [0x00000000d5580000, 0x00000000e3800000, 0x0000000100000000)
  eden space 146944K, 0% used [0x00000000d5580000,0x00000000d5580000,0x00000000de500000)
  from space 10752K, 61% used [0x00000000de500000,0x00000000deb740b8,0x00000000def80000)
  to   space 10752K, 0% used [0x00000000e2d80000,0x00000000e2d80000,0x00000000e3800000)
 ParOldGen       total 24064K, used 12453K [0x0000000080000000, 0x0000000081780000, 0x00000000d5580000)
  object space 24064K, 51% used [0x0000000080000000,0x0000000080c29568,0x0000000081780000)
 Metaspace       used 34399K, capacity 35374K, committed 35496K, reserved 1079296K
  class space    used 4672K, capacity 4939K, committed 5032K, reserved 1048576K
Event: 58.644 GC heap after
Heap after GC invocations=13 (full 2):
 PSYoungGen      total 157696K, used 0K [0x00000000d5580000, 0x00000000e3800000, 0x0000000100000000)
  eden space 146944K, 0% used [0x00000000d5580000,0x00000000d5580000,0x00000000de500000)
  from space 10752K, 0% used [0x00000000de500000,0x00000000de500000,0x00000000def80000)
  to   space 10752K, 0% used [0x00000000e2d80000,0x00000000e2d80000,0x00000000e3800000)
 ParOldGen       total 38912K, used 17569K [0x0000000080000000, 0x0000000082600000, 0x00000000d5580000)
  object space 38912K, 45% used [0x0000000080000000,0x0000000081128548,0x0000000082600000)
 Metaspace       used 34399K, capacity 35374K, committed 35496K, reserved 1079296K
  class space    used 4672K, capacity 4939K, committed 5032K, reserved 1048576K
}
Event: 113.568 GC heap before
{Heap before GC invocations=14 (full 2):
 PSYoungGen      total 157696K, used 146944K [0x00000000d5580000, 0x00000000e3800000, 0x0000000100000000)
  eden space 146944K, 100% used [0x00000000d5580000,0x00000000de500000,0x00000000de500000)
  from space 10752K, 0% used [0x00000000de500000,0x00000000de500000,0x00000000def80000)
  to   space 10752K, 0% used [0x00000000e2d80000,0x00000000e2d80000,0x00000000e3800000)
 ParOldGen       total 38912K, used 17569K [0x0000000080000000, 0x0000000082600000, 0x00000000d5580000)
  object space 38912K, 45% used [0x0000000080000000,0x0000000081128548,0x0000000082600000)
 Metaspace       used 45431K, capacity 47140K, committed 47272K, reserved 1089536K
  class space    used 6149K, capacity 6543K, committed 6568K, reserved 1048576K
Event: 113.652 GC heap after
Heap after GC invocations=14 (full 2):
 PSYoungGen      total 218112K, used 10743K [0x00000000d5580000, 0x00000000e3d80000, 0x0000000100000000)
  eden space 207360K, 0% used [0x00000000d5580000,0x00000000d5580000,0x00000000e2000000)
  from space 10752K, 99% used [0x00000000e2d80000,0x00000000e37fdca0,0x00000000e3800000)
  to   space 13824K, 0% used [0x00000000e2000000,0x00000000e2000000,0x00000000e2d80000)
 ParOldGen       total 38912K, used 21432K [0x0000000080000000, 0x0000000082600000, 0x00000000d5580000)
  object space 38912K, 55% used [0x0000000080000000,0x00000000814ee3e8,0x0000000082600000)
 Metaspace       used 45431K, capacity 47140K, committed 47272K, reserved 1089536K
  class space    used 6149K, capacity 6543K, committed 6568K, reserved 1048576K
}
Event: 142.047 GC heap before
{Heap before GC invocations=15 (full 2):
 PSYoungGen      total 218112K, used 189529K [0x00000000d5580000, 0x00000000e3d80000, 0x0000000100000000)
  eden space 207360K, 86% used [0x00000000d5580000,0x00000000e0418a18,0x00000000e2000000)
  from space 10752K, 99% used [0x00000000e2d80000,0x00000000e37fdca0,0x00000000e3800000)
  to   space 13824K, 0% used [0x00000000e2000000,0x00000000e2000000,0x00000000e2d80000)
 ParOldGen       total 38912K, used 21432K [0x0000000080000000, 0x0000000082600000, 0x00000000d5580000)
  object space 38912K, 55% used [0x0000000080000000,0x00000000814ee3e8,0x0000000082600000)
 Metaspace       used 57180K, capacity 59146K, committed 59160K, reserved 1099776K
  class space    used 7789K, capacity 8223K, committed 8232K, reserved 1048576K
Event: 142.154 GC heap after
Heap after GC invocations=15 (full 2):
 PSYoungGen      total 221184K, used 13804K [0x00000000d5580000, 0x00000000e9700000, 0x0000000100000000)
  eden space 207360K, 0% used [0x00000000d5580000,0x00000000d5580000,0x00000000e2000000)
  from space 13824K, 99% used [0x00000000e2000000,0x00000000e2d7b300,0x00000000e2d80000)
  to   space 19968K, 0% used [0x00000000e8380000,0x00000000e8380000,0x00000000e9700000)
 ParOldGen       total 38912K, used 32005K [0x0000000080000000, 0x0000000082600000, 0x00000000d5580000)
  object space 38912K, 82% used [0x0000000080000000,0x0000000081f41598,0x0000000082600000)
 Metaspace       used 57180K, capacity 59146K, committed 59160K, reserved 1099776K
  class space    used 7789K, capacity 8223K, committed 8232K, reserved 1048576K
}
Event: 142.154 GC heap before
{Heap before GC invocations=16 (full 3):
 PSYoungGen      total 221184K, used 13804K [0x00000000d5580000, 0x00000000e9700000, 0x0000000100000000)
  eden space 207360K, 0% used [0x00000000d5580000,0x00000000d5580000,0x00000000e2000000)
  from space 13824K, 99% used [0x00000000e2000000,0x00000000e2d7b300,0x00000000e2d80000)
  to   space 19968K, 0% used [0x00000000e8380000,0x00000000e8380000,0x00000000e9700000)
 ParOldGen       total 38912K, used 32005K [0x0000000080000000, 0x0000000082600000, 0x00000000d5580000)
  object space 38912K, 82% used [0x0000000080000000,0x0000000081f41598,0x0000000082600000)
 Metaspace       used 57180K, capacity 59146K, committed 59160K, reserved 1099776K
  class space    used 7789K, capacity 8223K, committed 8232K, reserved 1048576K
Event: 143.114 GC heap after
Heap after GC invocations=16 (full 3):
 PSYoungGen      total 221184K, used 0K [0x00000000d5580000, 0x00000000e9700000, 0x0000000100000000)
  eden space 207360K, 0% used [0x00000000d5580000,0x00000000d5580000,0x00000000e2000000)
  from space 13824K, 0% used [0x00000000e2000000,0x00000000e2000000,0x00000000e2d80000)
  to   space 19968K, 0% used [0x00000000e8380000,0x00000000e8380000,0x00000000e9700000)
 ParOldGen       total 67072K, used 38060K [0x0000000080000000, 0x0000000084180000, 0x00000000d5580000)
  object space 67072K, 56% used [0x0000000080000000,0x000000008252b358,0x0000000084180000)
 Metaspace       used 57178K, capacity 59140K, committed 59160K, reserved 1099776K
  class space    used 7789K, capacity 8222K, committed 8232K, reserved 1048576K
}

