# JRE version: OpenJDK Runtime Environment (8.0_242-b01) (build 1.8.0_242-release-1644-b01)
# Java VM: OpenJDK 64-Bit Server VM (25.242-b01 mixed mode windows-amd64 compressed oops)
Heap:
 PSYoungGen      total 403456K, used 178460K [0x00000000d5580000, 0x00000000f1400000, 0x0000000100000000)
  eden space 372224K, 43% used [0x00000000d5580000,0x00000000df47f100,0x00000000ec100000)
  from space 31232K, 50% used [0x00000000ec100000,0x00000000ed048078,0x00000000edf80000)
  to   space 30208K, 0% used [0x00000000ef680000,0x00000000ef680000,0x00000000f1400000)
 ParOldGen       total 126464K, used 72825K [0x0000000080000000, 0x0000000087b80000, 0x00000000d5580000)
  object space 126464K, 57% used [0x0000000080000000,0x000000008471e710,0x0000000087b80000)
 Metaspace       used 103075K, capacity 109302K, committed 109464K, reserved 1144832K
  class space    used 13500K, capacity 14661K, committed 14760K, reserved 1048576K
GC Heap History (10 events):
Event: 505.323 GC heap before
{Heap before GC invocations=21 (full 4):
 PSYoungGen      total 342016K, used 316061K [0x00000000d5580000, 0x00000000ecb00000, 0x0000000100000000)
  eden space 311296K, 100% used [0x00000000d5580000,0x00000000e8580000,0x00000000e8580000)
  from space 30720K, 15% used [0x00000000ea680000,0x00000000eab27530,0x00000000ec480000)
  to   space 33792K, 0% used [0x00000000e8580000,0x00000000e8580000,0x00000000ea680000)
 ParOldGen       total 126464K, used 72793K [0x0000000080000000, 0x0000000087b80000, 0x00000000d5580000)
  object space 126464K, 57% used [0x0000000080000000,0x0000000084716710,0x0000000087b80000)
 Metaspace       used 98050K, capacity 102560K, committed 102808K, reserved 1138688K
  class space    used 12829K, capacity 13726K, committed 13736K, reserved 1048576K
Event: 505.489 GC heap after
Heap after GC invocations=21 (full 4):
 PSYoungGen      total 345088K, used 22037K [0x00000000d5580000, 0x00000000ef180000, 0x0000000100000000)
  eden space 311296K, 0% used [0x00000000d5580000,0x00000000d5580000,0x00000000e8580000)
  from space 33792K, 65% used [0x00000000e8580000,0x00000000e9b05720,0x00000000ea680000)
  to   space 34816K, 0% used [0x00000000ecf80000,0x00000000ecf80000,0x00000000ef180000)
 ParOldGen       total 126464K, used 72801K [0x0000000080000000, 0x0000000087b80000, 0x00000000d5580000)
  object space 126464K, 57% used [0x0000000080000000,0x0000000084718710,0x0000000087b80000)
 Metaspace       used 98050K, capacity 102560K, committed 102808K, reserved 1138688K
  class space    used 12829K, capacity 13726K, committed 13736K, reserved 1048576K
}
Event: 680.991 GC heap before
{Heap before GC invocations=22 (full 4):
 PSYoungGen      total 345088K, used 333333K [0x00000000d5580000, 0x00000000ef180000, 0x0000000100000000)
  eden space 311296K, 100% used [0x00000000d5580000,0x00000000e8580000,0x00000000e8580000)
  from space 33792K, 65% used [0x00000000e8580000,0x00000000e9b05720,0x00000000ea680000)
  to   space 34816K, 0% used [0x00000000ecf80000,0x00000000ecf80000,0x00000000ef180000)
 ParOldGen       total 126464K, used 72801K [0x0000000080000000, 0x0000000087b80000, 0x00000000d5580000)
  object space 126464K, 57% used [0x0000000080000000,0x0000000084718710,0x0000000087b80000)
 Metaspace       used 101022K, capacity 106084K, committed 106264K, reserved 1140736K
  class space    used 13316K, capacity 14324K, committed 14376K, reserved 1048576K
Event: 681.132 GC heap after
Heap after GC invocations=22 (full 4):
 PSYoungGen      total 371712K, used 17656K [0x00000000d5580000, 0x00000000ee980000, 0x0000000100000000)
  eden space 345088K, 0% used [0x00000000d5580000,0x00000000d5580000,0x00000000ea680000)
  from space 26624K, 66% used [0x00000000ecf80000,0x00000000ee0be340,0x00000000ee980000)
  to   space 34304K, 0% used [0x00000000ea680000,0x00000000ea680000,0x00000000ec800000)
 ParOldGen       total 126464K, used 72809K [0x0000000080000000, 0x0000000087b80000, 0x00000000d5580000)
  object space 126464K, 57% used [0x0000000080000000,0x000000008471a710,0x0000000087b80000)
 Metaspace       used 101022K, capacity 106084K, committed 106264K, reserved 1140736K
  class space    used 13316K, capacity 14324K, committed 14376K, reserved 1048576K
}
Event: 765.135 GC heap before
{Heap before GC invocations=23 (full 4):
 PSYoungGen      total 371712K, used 362744K [0x00000000d5580000, 0x00000000ee980000, 0x0000000100000000)
  eden space 345088K, 100% used [0x00000000d5580000,0x00000000ea680000,0x00000000ea680000)
  from space 26624K, 66% used [0x00000000ecf80000,0x00000000ee0be340,0x00000000ee980000)
  to   space 34304K, 0% used [0x00000000ea680000,0x00000000ea680000,0x00000000ec800000)
 ParOldGen       total 126464K, used 72809K [0x0000000080000000, 0x0000000087b80000, 0x00000000d5580000)
  object space 126464K, 57% used [0x0000000080000000,0x000000008471a710,0x0000000087b80000)
 Metaspace       used 101702K, capacity 107064K, committed 107416K, reserved 1142784K
  class space    used 13350K, capacity 14386K, committed 14504K, reserved 1048576K
Event: 765.352 GC heap after
Heap after GC invocations=23 (full 4):
 PSYoungGen      total 379392K, used 15216K [0x00000000d5580000, 0x00000000f0680000, 0x0000000100000000)
  eden space 345088K, 0% used [0x00000000d5580000,0x00000000d5580000,0x00000000ea680000)
  from space 34304K, 44% used [0x00000000ea680000,0x00000000eb55c088,0x00000000ec800000)
  to   space 32768K, 0% used [0x00000000ee680000,0x00000000ee680000,0x00000000f0680000)
 ParOldGen       total 126464K, used 72817K [0x0000000080000000, 0x0000000087b80000, 0x00000000d5580000)
  object space 126464K, 57% used [0x0000000080000000,0x000000008471c710,0x0000000087b80000)
 Metaspace       used 101702K, capacity 107064K, committed 107416K, reserved 1142784K
  class space    used 13350K, capacity 14386K, committed 14504K, reserved 1048576K
}
Event: 861.942 GC heap before
{Heap before GC invocations=24 (full 4):
 PSYoungGen      total 379392K, used 360304K [0x00000000d5580000, 0x00000000f0680000, 0x0000000100000000)
  eden space 345088K, 100% used [0x00000000d5580000,0x00000000ea680000,0x00000000ea680000)
  from space 34304K, 44% used [0x00000000ea680000,0x00000000eb55c088,0x00000000ec800000)
  to   space 32768K, 0% used [0x00000000ee680000,0x00000000ee680000,0x00000000f0680000)
 ParOldGen       total 126464K, used 72817K [0x0000000080000000, 0x0000000087b80000, 0x00000000d5580000)
  object space 126464K, 57% used [0x0000000080000000,0x000000008471c710,0x0000000087b80000)
 Metaspace       used 102214K, capacity 107818K, committed 107928K, reserved 1142784K
  class space    used 13401K, capacity 14479K, committed 14504K, reserved 1048576K
Event: 862.034 GC heap after
Heap after GC invocations=24 (full 4):
 PSYoungGen      total 396288K, used 11280K [0x00000000d5580000, 0x00000000efe00000, 0x0000000100000000)
  eden space 372224K, 0% used [0x00000000d5580000,0x00000000d5580000,0x00000000ec100000)
  from space 24064K, 46% used [0x00000000ee680000,0x00000000ef1840b0,0x00000000efe00000)
  to   space 31232K, 0% used [0x00000000ec100000,0x00000000ec100000,0x00000000edf80000)
 ParOldGen       total 126464K, used 72825K [0x0000000080000000, 0x0000000087b80000, 0x00000000d5580000)
  object space 126464K, 57% used [0x0000000080000000,0x000000008471e710,0x0000000087b80000)
 Metaspace       used 102214K, capacity 107818K, committed 107928K, reserved 1142784K
  class space    used 13401K, capacity 14479K, committed 14504K, reserved 1048576K
}
Event: 984.533 GC heap before
{Heap before GC invocations=25 (full 4):
 PSYoungGen      total 396288K, used 383504K [0x00000000d5580000, 0x00000000efe00000, 0x0000000100000000)
  eden space 372224K, 100% used [0x00000000d5580000,0x00000000ec100000,0x00000000ec100000)
  from space 24064K, 46% used [0x00000000ee680000,0x00000000ef1840b0,0x00000000efe00000)
  to   space 31232K, 0% used [0x00000000ec100000,0x00000000ec100000,0x00000000edf80000)
 ParOldGen       total 126464K, used 72825K [0x0000000080000000, 0x0000000087b80000, 0x00000000d5580000)
  object space 126464K, 57% used [0x0000000080000000,0x000000008471e710,0x0000000087b80000)
 Metaspace       used 102944K, capacity 109302K, committed 109464K, reserved 1144832K
  class space    used 13500K, capacity 14661K, committed 14760K, reserved 1048576K
Event: 984.714 GC heap after
Heap after GC invocations=25 (full 4):
 PSYoungGen      total 403456K, used 15648K [0x00000000d5580000, 0x00000000f1400000, 0x0000000100000000)
  eden space 372224K, 0% used [0x00000000d5580000,0x00000000d5580000,0x00000000ec100000)
  from space 31232K, 50% used [0x00000000ec100000,0x00000000ed048078,0x00000000edf80000)
  to   space 30208K, 0% used [0x00000000ef680000,0x00000000ef680000,0x00000000f1400000)
 ParOldGen       total 126464K, used 72825K [0x0000000080000000, 0x0000000087b80000, 0x00000000d5580000)
  object space 126464K, 57% used [0x0000000080000000,0x000000008471e710,0x0000000087b80000)
 Metaspace       used 102944K, capacity 109302K, committed 109464K, reserved 1144832K
  class space    used 13500K, capacity 14661K, committed 14760K, reserved 1048576K
}

