# JRE version: OpenJDK Runtime Environment (8.0_242-b01) (build 1.8.0_242-release-1644-b01)
# Java VM: OpenJDK 64-Bit Server VM (25.242-b01 mixed mode windows-amd64 compressed oops)
Heap:
 PSYoungGen      total 157696K, used 51707K [0x00000000d5580000, 0x00000000e3c80000, 0x0000000100000000)
  eden space 146944K, 35% used [0x00000000d5580000,0x00000000d87fee40,0x00000000de500000)
  from space 10752K, 0% used [0x00000000de500000,0x00000000de500000,0x00000000def80000)
  to   space 10752K, 0% used [0x00000000e3200000,0x00000000e3200000,0x00000000e3c80000)
 ParOldGen       total 40448K, used 17556K [0x0000000080000000, 0x0000000082780000, 0x00000000d5580000)
  object space 40448K, 43% used [0x0000000080000000,0x0000000081125318,0x0000000082780000)
 Metaspace       used 36158K, capacity 37282K, committed 37416K, reserved 1081344K
  class space    used 4982K, capacity 5302K, committed 5416K, reserved 1048576K
GC Heap History (10 events):
Event: 36.698 GC heap before
{Heap before GC invocations=9 (full 0):
 PSYoungGen      total 101376K, used 11848K [0x00000000d5580000, 0x00000000dc480000, 0x0000000100000000)
  eden space 93696K, 4% used [0x00000000d5580000,0x00000000d5992db0,0x00000000db100000)
  from space 7680K, 99% used [0x00000000dba00000,0x00000000dc17f330,0x00000000dc180000)
  to   space 9216K, 0% used [0x00000000db100000,0x00000000db100000,0x00000000dba00000)
 ParOldGen       total 32768K, used 7742K [0x0000000080000000, 0x0000000082000000, 0x00000000d5580000)
  object space 32768K, 23% used [0x0000000080000000,0x000000008078fa10,0x0000000082000000)
 Metaspace       used 20538K, capacity 21218K, committed 21296K, reserved 1067008K
  class space    used 2877K, capacity 3093K, committed 3120K, reserved 1048576K
Event: 36.724 GC heap after
Heap after GC invocations=9 (full 0):
 PSYoungGen      total 102912K, used 3617K [0x00000000d5580000, 0x00000000dfa00000, 0x0000000100000000)
  eden space 93696K, 0% used [0x00000000d5580000,0x00000000d5580000,0x00000000db100000)
  from space 9216K, 39% used [0x00000000db100000,0x00000000db4884c0,0x00000000dba00000)
  to   space 9216K, 0% used [0x00000000df100000,0x00000000df100000,0x00000000dfa00000)
 ParOldGen       total 32768K, used 9355K [0x0000000080000000, 0x0000000082000000, 0x00000000d5580000)
  object space 32768K, 28% used [0x0000000080000000,0x0000000080922df0,0x0000000082000000)
 Metaspace       used 20538K, capacity 21218K, committed 21296K, reserved 1067008K
  class space    used 2877K, capacity 3093K, committed 3120K, reserved 1048576K
}
Event: 36.724 GC heap before
{Heap before GC invocations=10 (full 1):
 PSYoungGen      total 102912K, used 3617K [0x00000000d5580000, 0x00000000dfa00000, 0x0000000100000000)
  eden space 93696K, 0% used [0x00000000d5580000,0x00000000d5580000,0x00000000db100000)
  from space 9216K, 39% used [0x00000000db100000,0x00000000db4884c0,0x00000000dba00000)
  to   space 9216K, 0% used [0x00000000df100000,0x00000000df100000,0x00000000dfa00000)
 ParOldGen       total 32768K, used 9355K [0x0000000080000000, 0x0000000082000000, 0x00000000d5580000)
  object space 32768K, 28% used [0x0000000080000000,0x0000000080922df0,0x0000000082000000)
 Metaspace       used 20538K, capacity 21218K, committed 21296K, reserved 1067008K
  class space    used 2877K, capacity 3093K, committed 3120K, reserved 1048576K
Event: 36.927 GC heap after
Heap after GC invocations=10 (full 1):
 PSYoungGen      total 102912K, used 0K [0x00000000d5580000, 0x00000000dfa00000, 0x0000000100000000)
  eden space 93696K, 0% used [0x00000000d5580000,0x00000000d5580000,0x00000000db100000)
  from space 9216K, 0% used [0x00000000db100000,0x00000000db100000,0x00000000dba00000)
  to   space 9216K, 0% used [0x00000000df100000,0x00000000df100000,0x00000000dfa00000)
 ParOldGen       total 24576K, used 8230K [0x0000000080000000, 0x0000000081800000, 0x00000000d5580000)
  object space 24576K, 33% used [0x0000000080000000,0x0000000080809b88,0x0000000081800000)
 Metaspace       used 20538K, capacity 21218K, committed 21296K, reserved 1067008K
  class space    used 2877K, capacity 3093K, committed 3120K, reserved 1048576K
}
Event: 54.724 GC heap before
{Heap before GC invocations=11 (full 1):
 PSYoungGen      total 102912K, used 93696K [0x00000000d5580000, 0x00000000dfa00000, 0x0000000100000000)
  eden space 93696K, 100% used [0x00000000d5580000,0x00000000db100000,0x00000000db100000)
  from space 9216K, 0% used [0x00000000db100000,0x00000000db100000,0x00000000dba00000)
  to   space 9216K, 0% used [0x00000000df100000,0x00000000df100000,0x00000000dfa00000)
 ParOldGen       total 24576K, used 8230K [0x0000000080000000, 0x0000000081800000, 0x00000000d5580000)
  object space 24576K, 33% used [0x0000000080000000,0x0000000080809b88,0x0000000081800000)
 Metaspace       used 30626K, capacity 31366K, committed 31536K, reserved 1077248K
  class space    used 4113K, capacity 4336K, committed 4400K, reserved 1048576K
Event: 54.816 GC heap after
Heap after GC invocations=11 (full 1):
 PSYoungGen      total 152064K, used 9202K [0x00000000d5580000, 0x00000000dfa00000, 0x0000000100000000)
  eden space 142848K, 0% used [0x00000000d5580000,0x00000000d5580000,0x00000000de100000)
  from space 9216K, 99% used [0x00000000df100000,0x00000000df9fc908,0x00000000dfa00000)
  to   space 10752K, 0% used [0x00000000de500000,0x00000000de500000,0x00000000def80000)
 ParOldGen       total 24576K, used 9212K [0x0000000080000000, 0x0000000081800000, 0x00000000d5580000)
  object space 24576K, 37% used [0x0000000080000000,0x00000000808ff170,0x0000000081800000)
 Metaspace       used 30626K, capacity 31366K, committed 31536K, reserved 1077248K
  class space    used 4113K, capacity 4336K, committed 4400K, reserved 1048576K
}
Event: 63.590 GC heap before
{Heap before GC invocations=12 (full 1):
 PSYoungGen      total 152064K, used 85082K [0x00000000d5580000, 0x00000000dfa00000, 0x0000000100000000)
  eden space 142848K, 53% used [0x00000000d5580000,0x00000000d9f9a050,0x00000000de100000)
  from space 9216K, 99% used [0x00000000df100000,0x00000000df9fc908,0x00000000dfa00000)
  to   space 10752K, 0% used [0x00000000de500000,0x00000000de500000,0x00000000def80000)
 ParOldGen       total 24576K, used 9212K [0x0000000080000000, 0x0000000081800000, 0x00000000d5580000)
  object space 24576K, 37% used [0x0000000080000000,0x00000000808ff170,0x0000000081800000)
 Metaspace       used 34390K, capacity 35374K, committed 35496K, reserved 1079296K
  class space    used 4672K, capacity 4939K, committed 5032K, reserved 1048576K
Event: 63.671 GC heap after
Heap after GC invocations=12 (full 1):
 PSYoungGen      total 157696K, used 6624K [0x00000000d5580000, 0x00000000e3c80000, 0x0000000100000000)
  eden space 146944K, 0% used [0x00000000d5580000,0x00000000d5580000,0x00000000de500000)
  from space 10752K, 61% used [0x00000000de500000,0x00000000deb78358,0x00000000def80000)
  to   space 10752K, 0% used [0x00000000e3200000,0x00000000e3200000,0x00000000e3c80000)
 ParOldGen       total 24576K, used 13254K [0x0000000080000000, 0x0000000081800000, 0x00000000d5580000)
  object space 24576K, 53% used [0x0000000080000000,0x0000000080cf1888,0x0000000081800000)
 Metaspace       used 34390K, capacity 35374K, committed 35496K, reserved 1079296K
  class space    used 4672K, capacity 4939K, committed 5032K, reserved 1048576K
}
Event: 63.671 GC heap before
{Heap before GC invocations=13 (full 2):
 PSYoungGen      total 157696K, used 6624K [0x00000000d5580000, 0x00000000e3c80000, 0x0000000100000000)
  eden space 146944K, 0% used [0x00000000d5580000,0x00000000d5580000,0x00000000de500000)
  from space 10752K, 61% used [0x00000000de500000,0x00000000deb78358,0x00000000def80000)
  to   space 10752K, 0% used [0x00000000e3200000,0x00000000e3200000,0x00000000e3c80000)
 ParOldGen       total 24576K, used 13254K [0x0000000080000000, 0x0000000081800000, 0x00000000d5580000)
  object space 24576K, 53% used [0x0000000080000000,0x0000000080cf1888,0x0000000081800000)
 Metaspace       used 34390K, capacity 35374K, committed 35496K, reserved 1079296K
  class space    used 4672K, capacity 4939K, committed 5032K, reserved 1048576K
Event: 64.447 GC heap after
Heap after GC invocations=13 (full 2):
 PSYoungGen      total 157696K, used 0K [0x00000000d5580000, 0x00000000e3c80000, 0x0000000100000000)
  eden space 146944K, 0% used [0x00000000d5580000,0x00000000d5580000,0x00000000de500000)
  from space 10752K, 0% used [0x00000000de500000,0x00000000de500000,0x00000000def80000)
  to   space 10752K, 0% used [0x00000000e3200000,0x00000000e3200000,0x00000000e3c80000)
 ParOldGen       total 40448K, used 17556K [0x0000000080000000, 0x0000000082780000, 0x00000000d5580000)
  object space 40448K, 43% used [0x0000000080000000,0x0000000081125318,0x0000000082780000)
 Metaspace       used 34390K, capacity 35374K, committed 35496K, reserved 1079296K
  class space    used 4672K, capacity 4939K, committed 5032K, reserved 1048576K
}

