# JRE version: OpenJDK Runtime Environment (8.0_242-b01) (build 1.8.0_242-release-1644-b01)
# Java VM: OpenJDK 64-Bit Server VM (25.242-b01 mixed mode windows-amd64 compressed oops)
Heap:
 PSYoungGen      total 376832K, used 242175K [0x00000000d5580000, 0x00000000efa00000, 0x0000000100000000)
  eden space 347648K, 66% used [0x00000000d5580000,0x00000000e3879f00,0x00000000ea900000)
  from space 29184K, 33% used [0x00000000ea900000,0x00000000eb285f20,0x00000000ec580000)
  to   space 28160K, 0% used [0x00000000ede80000,0x00000000ede80000,0x00000000efa00000)
 ParOldGen       total 122368K, used 61229K [0x0000000080000000, 0x0000000087780000, 0x00000000d5580000)
  object space 122368K, 50% used [0x0000000080000000,0x0000000083bcb470,0x0000000087780000)
 Metaspace       used 93201K, capacity 98756K, committed 98856K, reserved 1134592K
  class space    used 12098K, capacity 13069K, committed 13104K, reserved 1048576K
GC Heap History (10 events):
Event: 891.757 GC heap before
{Heap before GC invocations=21 (full 3):
 PSYoungGen      total 377344K, used 356608K [0x00000000d5580000, 0x00000000efa80000, 0x0000000100000000)
  eden space 345600K, 100% used [0x00000000d5580000,0x00000000ea700000,0x00000000ea700000)
  from space 31744K, 34% used [0x00000000ea700000,0x00000000eb1c0040,0x00000000ec600000)
  to   space 30208K, 0% used [0x00000000edd00000,0x00000000edd00000,0x00000000efa80000)
 ParOldGen       total 78848K, used 54771K [0x0000000080000000, 0x0000000084d00000, 0x00000000d5580000)
  object space 78848K, 69% used [0x0000000080000000,0x000000008357cc08,0x0000000084d00000)
 Metaspace       used 92320K, capacity 97814K, committed 98088K, reserved 1134592K
  class space    used 12087K, capacity 13058K, committed 13104K, reserved 1048576K
Event: 891.823 GC heap after
Heap after GC invocations=21 (full 3):
 PSYoungGen      total 387584K, used 10912K [0x00000000d5580000, 0x00000000ef280000, 0x0000000100000000)
  eden space 365568K, 0% used [0x00000000d5580000,0x00000000d5580000,0x00000000eba80000)
  from space 22016K, 49% used [0x00000000edd00000,0x00000000ee7a8040,0x00000000ef280000)
  to   space 28672K, 0% used [0x00000000eba80000,0x00000000eba80000,0x00000000ed680000)
 ParOldGen       total 78848K, used 54779K [0x0000000080000000, 0x0000000084d00000, 0x00000000d5580000)
  object space 78848K, 69% used [0x0000000080000000,0x000000008357ec08,0x0000000084d00000)
 Metaspace       used 92320K, capacity 97814K, committed 98088K, reserved 1134592K
  class space    used 12087K, capacity 13058K, committed 13104K, reserved 1048576K
}
Event: 1060.204 GC heap before
{Heap before GC invocations=22 (full 3):
 PSYoungGen      total 387584K, used 376480K [0x00000000d5580000, 0x00000000ef280000, 0x0000000100000000)
  eden space 365568K, 100% used [0x00000000d5580000,0x00000000eba80000,0x00000000eba80000)
  from space 22016K, 49% used [0x00000000edd00000,0x00000000ee7a8040,0x00000000ef280000)
  to   space 28672K, 0% used [0x00000000eba80000,0x00000000eba80000,0x00000000ed680000)
 ParOldGen       total 78848K, used 54779K [0x0000000080000000, 0x0000000084d00000, 0x00000000d5580000)
  object space 78848K, 69% used [0x0000000080000000,0x000000008357ec08,0x0000000084d00000)
 Metaspace       used 92620K, capacity 98178K, committed 98344K, reserved 1134592K
  class space    used 12092K, capacity 13064K, committed 13104K, reserved 1048576K
Event: 1060.262 GC heap after
Heap after GC invocations=22 (full 3):
 PSYoungGen      total 358400K, used 8848K [0x00000000d5580000, 0x00000000ee080000, 0x0000000100000000)
  eden space 349184K, 0% used [0x00000000d5580000,0x00000000d5580000,0x00000000eaa80000)
  from space 9216K, 96% used [0x00000000eba80000,0x00000000ec324030,0x00000000ec380000)
  to   space 27648K, 0% used [0x00000000ec580000,0x00000000ec580000,0x00000000ee080000)
 ParOldGen       total 78848K, used 54787K [0x0000000080000000, 0x0000000084d00000, 0x00000000d5580000)
  object space 78848K, 69% used [0x0000000080000000,0x0000000083580c08,0x0000000084d00000)
 Metaspace       used 92620K, capacity 98178K, committed 98344K, reserved 1134592K
  class space    used 12092K, capacity 13064K, committed 13104K, reserved 1048576K
}
Event: 1066.941 GC heap before
{Heap before GC invocations=23 (full 3):
 PSYoungGen      total 358400K, used 215777K [0x00000000d5580000, 0x00000000ee080000, 0x0000000100000000)
  eden space 349184K, 59% used [0x00000000d5580000,0x00000000e1f945a0,0x00000000eaa80000)
  from space 9216K, 96% used [0x00000000eba80000,0x00000000ec324030,0x00000000ec380000)
  to   space 27648K, 0% used [0x00000000ec580000,0x00000000ec580000,0x00000000ee080000)
 ParOldGen       total 78848K, used 54787K [0x0000000080000000, 0x0000000084d00000, 0x00000000d5580000)
  object space 78848K, 69% used [0x0000000080000000,0x0000000083580c08,0x0000000084d00000)
 Metaspace       used 92909K, capacity 98516K, committed 98600K, reserved 1134592K
  class space    used 12094K, capacity 13065K, committed 13104K, reserved 1048576K
Event: 1067.049 GC heap after
Heap after GC invocations=23 (full 3):
 PSYoungGen      total 375296K, used 20983K [0x00000000d5580000, 0x00000000efd00000, 0x0000000100000000)
  eden space 347648K, 0% used [0x00000000d5580000,0x00000000d5580000,0x00000000ea900000)
  from space 27648K, 75% used [0x00000000ec580000,0x00000000ed9fdc20,0x00000000ee080000)
  to   space 29184K, 0% used [0x00000000ea900000,0x00000000ea900000,0x00000000ec580000)
 ParOldGen       total 78848K, used 54795K [0x0000000080000000, 0x0000000084d00000, 0x00000000d5580000)
  object space 78848K, 69% used [0x0000000080000000,0x0000000083582c08,0x0000000084d00000)
 Metaspace       used 92909K, capacity 98516K, committed 98600K, reserved 1134592K
  class space    used 12094K, capacity 13065K, committed 13104K, reserved 1048576K
}
Event: 1067.049 GC heap before
{Heap before GC invocations=24 (full 4):
 PSYoungGen      total 375296K, used 20983K [0x00000000d5580000, 0x00000000efd00000, 0x0000000100000000)
  eden space 347648K, 0% used [0x00000000d5580000,0x00000000d5580000,0x00000000ea900000)
  from space 27648K, 75% used [0x00000000ec580000,0x00000000ed9fdc20,0x00000000ee080000)
  to   space 29184K, 0% used [0x00000000ea900000,0x00000000ea900000,0x00000000ec580000)
 ParOldGen       total 78848K, used 54795K [0x0000000080000000, 0x0000000084d00000, 0x00000000d5580000)
  object space 78848K, 69% used [0x0000000080000000,0x0000000083582c08,0x0000000084d00000)
 Metaspace       used 92909K, capacity 98516K, committed 98600K, reserved 1134592K
  class space    used 12094K, capacity 13065K, committed 13104K, reserved 1048576K
Event: 1068.262 GC heap after
Heap after GC invocations=24 (full 4):
 PSYoungGen      total 375296K, used 0K [0x00000000d5580000, 0x00000000efd00000, 0x0000000100000000)
  eden space 347648K, 0% used [0x00000000d5580000,0x00000000d5580000,0x00000000ea900000)
  from space 27648K, 0% used [0x00000000ec580000,0x00000000ec580000,0x00000000ee080000)
  to   space 29184K, 0% used [0x00000000ea900000,0x00000000ea900000,0x00000000ec580000)
 ParOldGen       total 122368K, used 61221K [0x0000000080000000, 0x0000000087780000, 0x00000000d5580000)
  object space 122368K, 50% used [0x0000000080000000,0x0000000083bc9470,0x0000000087780000)
 Metaspace       used 92907K, capacity 98514K, committed 98600K, reserved 1134592K
  class space    used 12093K, capacity 13064K, committed 13104K, reserved 1048576K
}
Event: 1202.363 GC heap before
{Heap before GC invocations=25 (full 4):
 PSYoungGen      total 375296K, used 347648K [0x00000000d5580000, 0x00000000efd00000, 0x0000000100000000)
  eden space 347648K, 100% used [0x00000000d5580000,0x00000000ea900000,0x00000000ea900000)
  from space 27648K, 0% used [0x00000000ec580000,0x00000000ec580000,0x00000000ee080000)
  to   space 29184K, 0% used [0x00000000ea900000,0x00000000ea900000,0x00000000ec580000)
 ParOldGen       total 122368K, used 61221K [0x0000000080000000, 0x0000000087780000, 0x00000000d5580000)
  object space 122368K, 50% used [0x0000000080000000,0x0000000083bc9470,0x0000000087780000)
 Metaspace       used 93128K, capacity 98734K, committed 98856K, reserved 1134592K
  class space    used 12095K, capacity 13066K, committed 13104K, reserved 1048576K
Event: 1202.418 GC heap after
Heap after GC invocations=25 (full 4):
 PSYoungGen      total 376832K, used 9751K [0x00000000d5580000, 0x00000000efa00000, 0x0000000100000000)
  eden space 347648K, 0% used [0x00000000d5580000,0x00000000d5580000,0x00000000ea900000)
  from space 29184K, 33% used [0x00000000ea900000,0x00000000eb285f20,0x00000000ec580000)
  to   space 28160K, 0% used [0x00000000ede80000,0x00000000ede80000,0x00000000efa00000)
 ParOldGen       total 122368K, used 61229K [0x0000000080000000, 0x0000000087780000, 0x00000000d5580000)
  object space 122368K, 50% used [0x0000000080000000,0x0000000083bcb470,0x0000000087780000)
 Metaspace       used 93128K, capacity 98734K, committed 98856K, reserved 1134592K
  class space    used 12095K, capacity 13066K, committed 13104K, reserved 1048576K
}

