# JRE version: OpenJDK Runtime Environment (8.0_242-b01) (build 1.8.0_242-release-1644-b01)
# Java VM: OpenJDK 64-Bit Server VM (25.242-b01 mixed mode windows-amd64 compressed oops)
Heap:
 PSYoungGen      total 327168K, used 15991K [0x00000000d5580000, 0x00000000edc00000, 0x0000000100000000)
  eden space 310784K, 0% used [0x00000000d5580000,0x00000000d5580000,0x00000000e8500000)
  from space 16384K, 97% used [0x00000000eb980000,0x00000000ec91df38,0x00000000ec980000)
  to   space 18944K, 0% used [0x00000000ec980000,0x00000000ec980000,0x00000000edc00000)
 ParOldGen       total 69632K, used 52930K [0x0000000080000000, 0x0000000084400000, 0x00000000d5580000)
  object space 69632K, 76% used [0x0000000080000000,0x00000000833b0a50,0x0000000084400000)
 Metaspace       used 92891K, capacity 98487K, committed 98600K, reserved 1134592K
  class space    used 12124K, capacity 13104K, committed 13104K, reserved 1048576K
GC Heap History (10 events):
Event: 641.183 GC heap after
Heap after GC invocations=20 (full 3):
 PSYoungGen      total 328704K, used 20982K [0x00000000d5580000, 0x00000000eda80000, 0x0000000100000000)
  eden space 307712K, 0% used [0x00000000d5580000,0x00000000d5580000,0x00000000e8200000)
  from space 20992K, 99% used [0x00000000e8200000,0x00000000e967d9d8,0x00000000e9680000)
  to   space 25600K, 0% used [0x00000000ec180000,0x00000000ec180000,0x00000000eda80000)
 ParOldGen       total 69632K, used 49342K [0x0000000080000000, 0x0000000084400000, 0x00000000d5580000)
  object space 69632K, 70% used [0x0000000080000000,0x000000008302f9e0,0x0000000084400000)
 Metaspace       used 90320K, capacity 94538K, committed 94768K, reserved 1130496K
  class space    used 11913K, capacity 12724K, committed 12848K, reserved 1048576K
}
Event: 776.341 GC heap before
{Heap before GC invocations=21 (full 3):
 PSYoungGen      total 328704K, used 328694K [0x00000000d5580000, 0x00000000eda80000, 0x0000000100000000)
  eden space 307712K, 100% used [0x00000000d5580000,0x00000000e8200000,0x00000000e8200000)
  from space 20992K, 99% used [0x00000000e8200000,0x00000000e967d9d8,0x00000000e9680000)
  to   space 25600K, 0% used [0x00000000ec180000,0x00000000ec180000,0x00000000eda80000)
 ParOldGen       total 69632K, used 49342K [0x0000000080000000, 0x0000000084400000, 0x00000000d5580000)
  object space 69632K, 70% used [0x0000000080000000,0x000000008302f9e0,0x0000000084400000)
 Metaspace       used 90959K, capacity 95490K, committed 95536K, reserved 1132544K
  class space    used 11960K, capacity 12806K, committed 12848K, reserved 1048576K
Event: 776.572 GC heap after
Heap after GC invocations=21 (full 3):
 PSYoungGen      total 363520K, used 17456K [0x00000000d5580000, 0x00000000ed700000, 0x0000000100000000)
  eden space 341504K, 0% used [0x00000000d5580000,0x00000000d5580000,0x00000000ea300000)
  from space 22016K, 79% used [0x00000000ec180000,0x00000000ed28c0a0,0x00000000ed700000)
  to   space 26624K, 0% used [0x00000000ea300000,0x00000000ea300000,0x00000000ebd00000)
 ParOldGen       total 69632K, used 52922K [0x0000000080000000, 0x0000000084400000, 0x00000000d5580000)
  object space 69632K, 76% used [0x0000000080000000,0x00000000833aea50,0x0000000084400000)
 Metaspace       used 90959K, capacity 95490K, committed 95536K, reserved 1132544K
  class space    used 11960K, capacity 12806K, committed 12848K, reserved 1048576K
}
Event: 889.090 GC heap before
{Heap before GC invocations=22 (full 3):
 PSYoungGen      total 363520K, used 358960K [0x00000000d5580000, 0x00000000ed700000, 0x0000000100000000)
  eden space 341504K, 100% used [0x00000000d5580000,0x00000000ea300000,0x00000000ea300000)
  from space 22016K, 79% used [0x00000000ec180000,0x00000000ed28c0a0,0x00000000ed700000)
  to   space 26624K, 0% used [0x00000000ea300000,0x00000000ea300000,0x00000000ebd00000)
 ParOldGen       total 69632K, used 52922K [0x0000000080000000, 0x0000000084400000, 0x00000000d5580000)
  object space 69632K, 76% used [0x0000000080000000,0x00000000833aea50,0x0000000084400000)
 Metaspace       used 91517K, capacity 96310K, committed 96432K, reserved 1132544K
  class space    used 11996K, capacity 12874K, committed 12976K, reserved 1048576K
Event: 889.209 GC heap after
Heap after GC invocations=22 (full 3):
 PSYoungGen      total 368128K, used 14992K [0x00000000d5580000, 0x00000000ef580000, 0x0000000100000000)
  eden space 341504K, 0% used [0x00000000d5580000,0x00000000d5580000,0x00000000ea300000)
  from space 26624K, 56% used [0x00000000ea300000,0x00000000eb1a40b0,0x00000000ebd00000)
  to   space 26624K, 0% used [0x00000000edb80000,0x00000000edb80000,0x00000000ef580000)
 ParOldGen       total 69632K, used 52922K [0x0000000080000000, 0x0000000084400000, 0x00000000d5580000)
  object space 69632K, 76% used [0x0000000080000000,0x00000000833aea50,0x0000000084400000)
 Metaspace       used 91517K, capacity 96310K, committed 96432K, reserved 1132544K
  class space    used 11996K, capacity 12874K, committed 12976K, reserved 1048576K
}
Event: 1015.288 GC heap before
{Heap before GC invocations=23 (full 3):
 PSYoungGen      total 368128K, used 356496K [0x00000000d5580000, 0x00000000ef580000, 0x0000000100000000)
  eden space 341504K, 100% used [0x00000000d5580000,0x00000000ea300000,0x00000000ea300000)
  from space 26624K, 56% used [0x00000000ea300000,0x00000000eb1a40b0,0x00000000ebd00000)
  to   space 26624K, 0% used [0x00000000edb80000,0x00000000edb80000,0x00000000ef580000)
 ParOldGen       total 69632K, used 52922K [0x0000000080000000, 0x0000000084400000, 0x00000000d5580000)
  object space 69632K, 76% used [0x0000000080000000,0x00000000833aea50,0x0000000084400000)
 Metaspace       used 92516K, capacity 97706K, committed 97840K, reserved 1134592K
  class space    used 12071K, capacity 13006K, committed 13104K, reserved 1048576K
Event: 1015.492 GC heap after
Heap after GC invocations=23 (full 3):
 PSYoungGen      total 351232K, used 25146K [0x00000000d5580000, 0x00000000ef480000, 0x0000000100000000)
  eden space 325632K, 0% used [0x00000000d5580000,0x00000000d5580000,0x00000000e9380000)
  from space 25600K, 98% used [0x00000000edb80000,0x00000000ef40e918,0x00000000ef480000)
  to   space 30208K, 0% used [0x00000000eb980000,0x00000000eb980000,0x00000000ed700000)
 ParOldGen       total 69632K, used 52922K [0x0000000080000000, 0x0000000084400000, 0x00000000d5580000)
  object space 69632K, 76% used [0x0000000080000000,0x00000000833aea50,0x0000000084400000)
 Metaspace       used 92516K, capacity 97706K, committed 97840K, reserved 1134592K
  class space    used 12071K, capacity 13006K, committed 13104K, reserved 1048576K
}
Event: 1049.950 GC heap before
{Heap before GC invocations=24 (full 3):
 PSYoungGen      total 351232K, used 228730K [0x00000000d5580000, 0x00000000ef480000, 0x0000000100000000)
  eden space 325632K, 62% used [0x00000000d5580000,0x00000000e1c4ffe0,0x00000000e9380000)
  from space 25600K, 98% used [0x00000000edb80000,0x00000000ef40e918,0x00000000ef480000)
  to   space 30208K, 0% used [0x00000000eb980000,0x00000000eb980000,0x00000000ed700000)
 ParOldGen       total 69632K, used 52922K [0x0000000080000000, 0x0000000084400000, 0x00000000d5580000)
  object space 69632K, 76% used [0x0000000080000000,0x00000000833aea50,0x0000000084400000)
 Metaspace       used 92891K, capacity 98487K, committed 98600K, reserved 1134592K
  class space    used 12124K, capacity 13104K, committed 13104K, reserved 1048576K
Event: 1050.048 GC heap after
Heap after GC invocations=24 (full 3):
 PSYoungGen      total 327168K, used 15991K [0x00000000d5580000, 0x00000000edc00000, 0x0000000100000000)
  eden space 310784K, 0% used [0x00000000d5580000,0x00000000d5580000,0x00000000e8500000)
  from space 16384K, 97% used [0x00000000eb980000,0x00000000ec91df38,0x00000000ec980000)
  to   space 18944K, 0% used [0x00000000ec980000,0x00000000ec980000,0x00000000edc00000)
 ParOldGen       total 69632K, used 52930K [0x0000000080000000, 0x0000000084400000, 0x00000000d5580000)
  object space 69632K, 76% used [0x0000000080000000,0x00000000833b0a50,0x0000000084400000)
 Metaspace       used 92891K, capacity 98487K, committed 98600K, reserved 1134592K
  class space    used 12124K, capacity 13104K, committed 13104K, reserved 1048576K
}
Event: 1050.048 GC heap before
{Heap before GC invocations=25 (full 4):
 PSYoungGen      total 327168K, used 15991K [0x00000000d5580000, 0x00000000edc00000, 0x0000000100000000)
  eden space 310784K, 0% used [0x00000000d5580000,0x00000000d5580000,0x00000000e8500000)
  from space 16384K, 97% used [0x00000000eb980000,0x00000000ec91df38,0x00000000ec980000)
  to   space 18944K, 0% used [0x00000000ec980000,0x00000000ec980000,0x00000000edc00000)
 ParOldGen       total 69632K, used 52930K [0x0000000080000000, 0x0000000084400000, 0x00000000d5580000)
  object space 69632K, 76% used [0x0000000080000000,0x00000000833b0a50,0x0000000084400000)
 Metaspace       used 92891K, capacity 98487K, committed 98600K, reserved 1134592K
  class space    used 12124K, capacity 13104K, committed 13104K, reserved 1048576K

