# JRE version: OpenJDK Runtime Environment (8.0_242-b01) (build 1.8.0_242-release-1644-b01)
# Java VM: OpenJDK 64-Bit Server VM (25.242-b01 mixed mode windows-amd64 compressed oops)
Heap:
 PSYoungGen      total 144896K, used 62843K [0x00000000d5580000, 0x00000000df900000, 0x0000000100000000)
  eden space 136192K, 39% used [0x00000000d5580000,0x00000000d8a5f2c0,0x00000000dda80000)
  from space 8704K, 99% used [0x00000000df080000,0x00000000df8ffc20,0x00000000df900000)
  to   space 10752K, 0% used [0x00000000de400000,0x00000000de400000,0x00000000dee80000)
 ParOldGen       total 25088K, used 9244K [0x0000000080000000, 0x0000000081880000, 0x00000000d5580000)
  object space 25088K, 36% used [0x0000000080000000,0x00000000809071e0,0x0000000081880000)
 Metaspace       used 33201K, capacity 34254K, committed 34480K, reserved 1079296K
  class space    used 4477K, capacity 4740K, committed 4784K, reserved 1048576K
GC Heap History (10 events):
Event: 8.486 GC heap before
{Heap before GC invocations=7 (full 0):
 PSYoungGen      total 51712K, used 51680K [0x00000000d5580000, 0x00000000d9080000, 0x0000000100000000)
  eden space 47616K, 100% used [0x00000000d5580000,0x00000000d8400000,0x00000000d8400000)
  from space 4096K, 99% used [0x00000000d8980000,0x00000000d8d78020,0x00000000d8d80000)
  to   space 5632K, 0% used [0x00000000d8400000,0x00000000d8400000,0x00000000d8980000)
 ParOldGen       total 32768K, used 4407K [0x0000000080000000, 0x0000000082000000, 0x00000000d5580000)
  object space 32768K, 13% used [0x0000000080000000,0x000000008044dd48,0x0000000082000000)
 Metaspace       used 15961K, capacity 16402K, committed 16768K, reserved 1062912K
  class space    used 2168K, capacity 2349K, committed 2432K, reserved 1048576K
Event: 8.516 GC heap after
Heap after GC invocations=7 (full 0):
 PSYoungGen      total 53248K, used 5630K [0x00000000d5580000, 0x00000000dc180000, 0x0000000100000000)
  eden space 47616K, 0% used [0x00000000d5580000,0x00000000d5580000,0x00000000d8400000)
  from space 5632K, 99% used [0x00000000d8400000,0x00000000d897f868,0x00000000d8980000)
  to   space 7680K, 0% used [0x00000000dba00000,0x00000000dba00000,0x00000000dc180000)
 ParOldGen       total 32768K, used 6603K [0x0000000080000000, 0x0000000082000000, 0x00000000d5580000)
  object space 32768K, 20% used [0x0000000080000000,0x0000000080672fe8,0x0000000082000000)
 Metaspace       used 15961K, capacity 16402K, committed 16768K, reserved 1062912K
  class space    used 2168K, capacity 2349K, committed 2432K, reserved 1048576K
}
Event: 13.741 GC heap before
{Heap before GC invocations=8 (full 0):
 PSYoungGen      total 53248K, used 53246K [0x00000000d5580000, 0x00000000dc180000, 0x0000000100000000)
  eden space 47616K, 100% used [0x00000000d5580000,0x00000000d8400000,0x00000000d8400000)
  from space 5632K, 99% used [0x00000000d8400000,0x00000000d897f868,0x00000000d8980000)
  to   space 7680K, 0% used [0x00000000dba00000,0x00000000dba00000,0x00000000dc180000)
 ParOldGen       total 32768K, used 6603K [0x0000000080000000, 0x0000000082000000, 0x00000000d5580000)
  object space 32768K, 20% used [0x0000000080000000,0x0000000080672fe8,0x0000000082000000)
 Metaspace       used 20271K, capacity 20914K, committed 20992K, reserved 1067008K
  class space    used 2835K, capacity 3021K, committed 3072K, reserved 1048576K
Event: 13.774 GC heap after
Heap after GC invocations=8 (full 0):
 PSYoungGen      total 101376K, used 7660K [0x00000000d5580000, 0x00000000dc480000, 0x0000000100000000)
  eden space 93696K, 0% used [0x00000000d5580000,0x00000000d5580000,0x00000000db100000)
  from space 7680K, 99% used [0x00000000dba00000,0x00000000dc17b1d8,0x00000000dc180000)
  to   space 9216K, 0% used [0x00000000db100000,0x00000000db100000,0x00000000dba00000)
 ParOldGen       total 32768K, used 7825K [0x0000000080000000, 0x0000000082000000, 0x00000000d5580000)
  object space 32768K, 23% used [0x0000000080000000,0x00000000807a47f8,0x0000000082000000)
 Metaspace       used 20271K, capacity 20914K, committed 20992K, reserved 1067008K
  class space    used 2835K, capacity 3021K, committed 3072K, reserved 1048576K
}
Event: 14.004 GC heap before
{Heap before GC invocations=9 (full 0):
 PSYoungGen      total 101376K, used 11806K [0x00000000d5580000, 0x00000000dc480000, 0x0000000100000000)
  eden space 93696K, 4% used [0x00000000d5580000,0x00000000d598c7b8,0x00000000db100000)
  from space 7680K, 99% used [0x00000000dba00000,0x00000000dc17b1d8,0x00000000dc180000)
  to   space 9216K, 0% used [0x00000000db100000,0x00000000db100000,0x00000000dba00000)
 ParOldGen       total 32768K, used 7825K [0x0000000080000000, 0x0000000082000000, 0x00000000d5580000)
  object space 32768K, 23% used [0x0000000080000000,0x00000000807a47f8,0x0000000082000000)
 Metaspace       used 20509K, capacity 21218K, committed 21296K, reserved 1067008K
  class space    used 2874K, capacity 3093K, committed 3120K, reserved 1048576K
Event: 14.027 GC heap after
Heap after GC invocations=9 (full 0):
 PSYoungGen      total 102912K, used 3790K [0x00000000d5580000, 0x00000000df900000, 0x0000000100000000)
  eden space 93696K, 0% used [0x00000000d5580000,0x00000000d5580000,0x00000000db100000)
  from space 9216K, 41% used [0x00000000db100000,0x00000000db4b39e0,0x00000000dba00000)
  to   space 8704K, 0% used [0x00000000df080000,0x00000000df080000,0x00000000df900000)
 ParOldGen       total 32768K, used 9442K [0x0000000080000000, 0x0000000082000000, 0x00000000d5580000)
  object space 32768K, 28% used [0x0000000080000000,0x0000000080938870,0x0000000082000000)
 Metaspace       used 20509K, capacity 21218K, committed 21296K, reserved 1067008K
  class space    used 2874K, capacity 3093K, committed 3120K, reserved 1048576K
}
Event: 14.027 GC heap before
{Heap before GC invocations=10 (full 1):
 PSYoungGen      total 102912K, used 3790K [0x00000000d5580000, 0x00000000df900000, 0x0000000100000000)
  eden space 93696K, 0% used [0x00000000d5580000,0x00000000d5580000,0x00000000db100000)
  from space 9216K, 41% used [0x00000000db100000,0x00000000db4b39e0,0x00000000dba00000)
  to   space 8704K, 0% used [0x00000000df080000,0x00000000df080000,0x00000000df900000)
 ParOldGen       total 32768K, used 9442K [0x0000000080000000, 0x0000000082000000, 0x00000000d5580000)
  object space 32768K, 28% used [0x0000000080000000,0x0000000080938870,0x0000000082000000)
 Metaspace       used 20509K, capacity 21218K, committed 21296K, reserved 1067008K
  class space    used 2874K, capacity 3093K, committed 3120K, reserved 1048576K
Event: 14.212 GC heap after
Heap after GC invocations=10 (full 1):
 PSYoungGen      total 102912K, used 0K [0x00000000d5580000, 0x00000000df900000, 0x0000000100000000)
  eden space 93696K, 0% used [0x00000000d5580000,0x00000000d5580000,0x00000000db100000)
  from space 9216K, 0% used [0x00000000db100000,0x00000000db100000,0x00000000dba00000)
  to   space 8704K, 0% used [0x00000000df080000,0x00000000df080000,0x00000000df900000)
 ParOldGen       total 25088K, used 7704K [0x0000000080000000, 0x0000000081880000, 0x00000000d5580000)
  object space 25088K, 30% used [0x0000000080000000,0x00000000807863b8,0x0000000081880000)
 Metaspace       used 20509K, capacity 21218K, committed 21296K, reserved 1067008K
  class space    used 2874K, capacity 3093K, committed 3120K, reserved 1048576K
}
Event: 21.193 GC heap before
{Heap before GC invocations=11 (full 1):
 PSYoungGen      total 102912K, used 93696K [0x00000000d5580000, 0x00000000df900000, 0x0000000100000000)
  eden space 93696K, 100% used [0x00000000d5580000,0x00000000db100000,0x00000000db100000)
  from space 9216K, 0% used [0x00000000db100000,0x00000000db100000,0x00000000dba00000)
  to   space 8704K, 0% used [0x00000000df080000,0x00000000df080000,0x00000000df900000)
 ParOldGen       total 25088K, used 7704K [0x0000000080000000, 0x0000000081880000, 0x00000000d5580000)
  object space 25088K, 30% used [0x0000000080000000,0x00000000807863b8,0x0000000081880000)
 Metaspace       used 30607K, capacity 31366K, committed 31536K, reserved 1077248K
  class space    used 4111K, capacity 4336K, committed 4400K, reserved 1048576K
Event: 21.252 GC heap after
Heap after GC invocations=11 (full 1):
 PSYoungGen      total 144896K, used 8703K [0x00000000d5580000, 0x00000000df900000, 0x0000000100000000)
  eden space 136192K, 0% used [0x00000000d5580000,0x00000000d5580000,0x00000000dda80000)
  from space 8704K, 99% used [0x00000000df080000,0x00000000df8ffc20,0x00000000df900000)
  to   space 10752K, 0% used [0x00000000de400000,0x00000000de400000,0x00000000dee80000)
 ParOldGen       total 25088K, used 9244K [0x0000000080000000, 0x0000000081880000, 0x00000000d5580000)
  object space 25088K, 36% used [0x0000000080000000,0x00000000809071e0,0x0000000081880000)
 Metaspace       used 30607K, capacity 31366K, committed 31536K, reserved 1077248K
  class space    used 4111K, capacity 4336K, committed 4400K, reserved 1048576K
}

