# JRE version: OpenJDK Runtime Environment (8.0_242-b01) (build 1.8.0_242-release-1644-b01)
# Java VM: OpenJDK 64-Bit Server VM (25.242-b01 mixed mode windows-amd64 compressed oops)
Heap:
 PSYoungGen      total 469504K, used 469321K [0x00000000d5580000, 0x00000000ffa80000, 0x0000000100000000)
  eden space 453120K, 100% used [0x00000000d5580000,0x00000000f1000000,0x00000000f1000000)
  from space 16384K, 98% used [0x00000000f1000000,0x00000000f1fd27c0,0x00000000f2000000)
  to   space 118272K, 1% used [0x00000000f8700000,0x00000000f88d4020,0x00000000ffa80000)
 ParOldGen       total 271872K, used 186563K [0x0000000080000000, 0x0000000090980000, 0x00000000d5580000)
  object space 271872K, 68% used [0x0000000080000000,0x000000008b630fd8,0x0000000090980000)
 Metaspace       used 101822K, capacity 109680K, committed 109864K, reserved 1144832K
  class space    used 13012K, capacity 14375K, committed 14384K, reserved 1048576K
GC Heap History (10 events):
Event: 7888.497 GC heap before
{Heap before GC invocations=48 (full 7):
 PSYoungGen      total 545280K, used 523661K [0x00000000d5580000, 0x0000000100000000, 0x0000000100000000)
  eden space 423424K, 100% used [0x00000000d5580000,0x00000000ef300000,0x00000000ef300000)
  from space 121856K, 82% used [0x00000000f8780000,0x00000000fe963568,0x00000000ffe80000)
  to   space 137728K, 0% used [0x00000000ef300000,0x00000000ef300000,0x00000000f7980000)
 ParOldGen       total 271872K, used 163431K [0x0000000080000000, 0x0000000090980000, 0x00000000d5580000)
  object space 271872K, 60% used [0x0000000080000000,0x0000000089f99c08,0x0000000090980000)
 Metaspace       used 99121K, capacity 106938K, committed 107048K, reserved 1142784K
  class space    used 12756K, capacity 14120K, committed 14128K, reserved 1048576K
Event: 7888.691 GC heap after
Heap after GC invocations=48 (full 7):
 PSYoungGen      total 561152K, used 16489K [0x00000000d5580000, 0x0000000100000000, 0x0000000100000000)
  eden space 423424K, 0% used [0x00000000d5580000,0x00000000d5580000,0x00000000ef300000)
  from space 137728K, 11% used [0x00000000ef300000,0x00000000f031a598,0x00000000f7980000)
  to   space 132096K, 0% used [0x00000000f7f00000,0x00000000f7f00000,0x0000000100000000)
 ParOldGen       total 271872K, used 163519K [0x0000000080000000, 0x0000000090980000, 0x00000000d5580000)
  object space 271872K, 60% used [0x0000000080000000,0x0000000089fafc18,0x0000000090980000)
 Metaspace       used 99121K, capacity 106938K, committed 107048K, reserved 1142784K
  class space    used 12756K, capacity 14120K, committed 14128K, reserved 1048576K
}
Event: 7977.893 GC heap before
{Heap before GC invocations=49 (full 7):
 PSYoungGen      total 561152K, used 439913K [0x00000000d5580000, 0x0000000100000000, 0x0000000100000000)
  eden space 423424K, 100% used [0x00000000d5580000,0x00000000ef300000,0x00000000ef300000)
  from space 137728K, 11% used [0x00000000ef300000,0x00000000f031a598,0x00000000f7980000)
  to   space 132096K, 0% used [0x00000000f7f00000,0x00000000f7f00000,0x0000000100000000)
 ParOldGen       total 271872K, used 163519K [0x0000000080000000, 0x0000000090980000, 0x00000000d5580000)
  object space 271872K, 60% used [0x0000000080000000,0x0000000089fafc18,0x0000000090980000)
 Metaspace       used 101548K, capacity 109328K, committed 109608K, reserved 1144832K
  class space    used 13008K, capacity 14375K, committed 14384K, reserved 1048576K
Event: 7983.710 GC heap after
Heap after GC invocations=49 (full 7):
 PSYoungGen      total 538112K, used 34914K [0x00000000d5580000, 0x00000000fe980000, 0x0000000100000000)
  eden space 429056K, 0% used [0x00000000d5580000,0x00000000d5580000,0x00000000ef880000)
  from space 109056K, 32% used [0x00000000f7f00000,0x00000000fa118ac0,0x00000000fe980000)
  to   space 123392K, 0% used [0x00000000ef880000,0x00000000ef880000,0x00000000f7100000)
 ParOldGen       total 271872K, used 169830K [0x0000000080000000, 0x0000000090980000, 0x00000000d5580000)
  object space 271872K, 62% used [0x0000000080000000,0x000000008a5d9b58,0x0000000090980000)
 Metaspace       used 101548K, capacity 109328K, committed 109608K, reserved 1144832K
  class space    used 13008K, capacity 14375K, committed 14384K, reserved 1048576K
}
Event: 8178.844 GC heap before
{Heap before GC invocations=50 (full 7):
 PSYoungGen      total 538112K, used 463970K [0x00000000d5580000, 0x00000000fe980000, 0x0000000100000000)
  eden space 429056K, 100% used [0x00000000d5580000,0x00000000ef880000,0x00000000ef880000)
  from space 109056K, 32% used [0x00000000f7f00000,0x00000000fa118ac0,0x00000000fe980000)
  to   space 123392K, 0% used [0x00000000ef880000,0x00000000ef880000,0x00000000f7100000)
 ParOldGen       total 271872K, used 169830K [0x0000000080000000, 0x0000000090980000, 0x00000000d5580000)
  object space 271872K, 62% used [0x0000000080000000,0x000000008a5d9b58,0x0000000090980000)
 Metaspace       used 101594K, capacity 109396K, committed 109608K, reserved 1144832K
  class space    used 13010K, capacity 14375K, committed 14384K, reserved 1048576K
Event: 8181.703 GC heap after
Heap after GC invocations=50 (full 7):
 PSYoungGen      total 552448K, used 15161K [0x00000000d5580000, 0x0000000100000000, 0x0000000100000000)
  eden space 429056K, 0% used [0x00000000d5580000,0x00000000d5580000,0x00000000ef880000)
  from space 123392K, 12% used [0x00000000ef880000,0x00000000f074e6f0,0x00000000f7100000)
  to   space 119296K, 0% used [0x00000000f8b80000,0x00000000f8b80000,0x0000000100000000)
 ParOldGen       total 271872K, used 173724K [0x0000000080000000, 0x0000000090980000, 0x00000000d5580000)
  object space 271872K, 63% used [0x0000000080000000,0x000000008a9a7018,0x0000000090980000)
 Metaspace       used 101594K, capacity 109396K, committed 109608K, reserved 1144832K
  class space    used 13010K, capacity 14375K, committed 14384K, reserved 1048576K
}
Event: 8247.198 GC heap before
{Heap before GC invocations=51 (full 7):
 PSYoungGen      total 552448K, used 444217K [0x00000000d5580000, 0x0000000100000000, 0x0000000100000000)
  eden space 429056K, 100% used [0x00000000d5580000,0x00000000ef880000,0x00000000ef880000)
  from space 123392K, 12% used [0x00000000ef880000,0x00000000f074e6f0,0x00000000f7100000)
  to   space 119296K, 0% used [0x00000000f8b80000,0x00000000f8b80000,0x0000000100000000)
 ParOldGen       total 271872K, used 173724K [0x0000000080000000, 0x0000000090980000, 0x00000000d5580000)
  object space 271872K, 63% used [0x0000000080000000,0x000000008a9a7018,0x0000000090980000)
 Metaspace       used 101692K, capacity 109396K, committed 109608K, reserved 1144832K
  class space    used 13010K, capacity 14375K, committed 14384K, reserved 1048576K
Event: 8248.257 GC heap after
Heap after GC invocations=51 (full 7):
 PSYoungGen      total 572416K, used 68605K [0x00000000d5580000, 0x0000000100000000, 0x0000000100000000)
  eden space 453120K, 0% used [0x00000000d5580000,0x00000000d5580000,0x00000000f1000000)
  from space 119296K, 57% used [0x00000000f8b80000,0x00000000fce7f4a0,0x0000000100000000)
  to   space 122880K, 0% used [0x00000000f1000000,0x00000000f1000000,0x00000000f8800000)
 ParOldGen       total 271872K, used 181266K [0x0000000080000000, 0x0000000090980000, 0x00000000d5580000)
  object space 271872K, 66% used [0x0000000080000000,0x000000008b104928,0x0000000090980000)
 Metaspace       used 101692K, capacity 109396K, committed 109608K, reserved 1144832K
  class space    used 13010K, capacity 14375K, committed 14384K, reserved 1048576K
}
Event: 8883.140 GC heap before
{Heap before GC invocations=52 (full 7):
 PSYoungGen      total 572416K, used 521725K [0x00000000d5580000, 0x0000000100000000, 0x0000000100000000)
  eden space 453120K, 100% used [0x00000000d5580000,0x00000000f1000000,0x00000000f1000000)
  from space 119296K, 57% used [0x00000000f8b80000,0x00000000fce7f4a0,0x0000000100000000)
  to   space 122880K, 0% used [0x00000000f1000000,0x00000000f1000000,0x00000000f8800000)
 ParOldGen       total 271872K, used 181266K [0x0000000080000000, 0x0000000090980000, 0x00000000d5580000)
  object space 271872K, 66% used [0x0000000080000000,0x000000008b104928,0x0000000090980000)
 Metaspace       used 101754K, capacity 109540K, committed 109608K, reserved 1144832K
  class space    used 13012K, capacity 14375K, committed 14384K, reserved 1048576K
Event: 8897.160 GC heap after
Heap after GC invocations=52 (full 7):
 PSYoungGen      total 469504K, used 16201K [0x00000000d5580000, 0x00000000ffa80000, 0x0000000100000000)
  eden space 453120K, 0% used [0x00000000d5580000,0x00000000d5580000,0x00000000f1000000)
  from space 16384K, 98% used [0x00000000f1000000,0x00000000f1fd27c0,0x00000000f2000000)
  to   space 118272K, 0% used [0x00000000f8700000,0x00000000f8700000,0x00000000ffa80000)
 ParOldGen       total 271872K, used 184318K [0x0000000080000000, 0x0000000090980000, 0x00000000d5580000)
  object space 271872K, 67% used [0x0000000080000000,0x000000008b3ff800,0x0000000090980000)
 Metaspace       used 101754K, capacity 109540K, committed 109608K, reserved 1144832K
  class space    used 13012K, capacity 14375K, committed 14384K, reserved 1048576K
}

